{
  "/Users/apple/Documents/Kashif-Github/Nailbiting-Admin/src/context/AuthContext.js": {
    "path": "/Users/apple/Documents/Kashif-Github/Nailbiting-Admin/src/context/AuthContext.js",
    "statementMap": {
      "0": {
        "start": {
          "line": 5,
          "column": 20
        },
        "end": {
          "line": 5,
          "column": 35
        }
      },
      "1": {
        "start": {
          "line": 7,
          "column": 28
        },
        "end": {
          "line": 35,
          "column": 1
        }
      },
      "2": {
        "start": {
          "line": 8,
          "column": 47
        },
        "end": {
          "line": 8,
          "column": 62
        }
      },
      "3": {
        "start": {
          "line": 9,
          "column": 16
        },
        "end": {
          "line": 9,
          "column": 27
        }
      },
      "4": {
        "start": {
          "line": 11,
          "column": 1
        },
        "end": {
          "line": 19,
          "column": 7
        }
      },
      "5": {
        "start": {
          "line": 12,
          "column": 22
        },
        "end": {
          "line": 12,
          "column": 57
        }
      },
      "6": {
        "start": {
          "line": 13,
          "column": 2
        },
        "end": {
          "line": 18,
          "column": 3
        }
      },
      "7": {
        "start": {
          "line": 14,
          "column": 3
        },
        "end": {
          "line": 14,
          "column": 27
        }
      },
      "8": {
        "start": {
          "line": 16,
          "column": 3
        },
        "end": {
          "line": 16,
          "column": 28
        }
      },
      "9": {
        "start": {
          "line": 17,
          "column": 3
        },
        "end": {
          "line": 17,
          "column": 32
        }
      },
      "10": {
        "start": {
          "line": 21,
          "column": 15
        },
        "end": {
          "line": 26,
          "column": 2
        }
      },
      "11": {
        "start": {
          "line": 22,
          "column": 2
        },
        "end": {
          "line": 22,
          "column": 44
        }
      },
      "12": {
        "start": {
          "line": 23,
          "column": 2
        },
        "end": {
          "line": 23,
          "column": 52
        }
      },
      "13": {
        "start": {
          "line": 24,
          "column": 2
        },
        "end": {
          "line": 24,
          "column": 26
        }
      },
      "14": {
        "start": {
          "line": 25,
          "column": 2
        },
        "end": {
          "line": 25,
          "column": 18
        }
      },
      "15": {
        "start": {
          "line": 28,
          "column": 16
        },
        "end": {
          "line": 32,
          "column": 2
        }
      },
      "16": {
        "start": {
          "line": 29,
          "column": 2
        },
        "end": {
          "line": 29,
          "column": 40
        }
      },
      "17": {
        "start": {
          "line": 30,
          "column": 2
        },
        "end": {
          "line": 30,
          "column": 27
        }
      },
      "18": {
        "start": {
          "line": 31,
          "column": 2
        },
        "end": {
          "line": 31,
          "column": 28
        }
      },
      "19": {
        "start": {
          "line": 34,
          "column": 1
        },
        "end": {
          "line": 34,
          "column": 106
        }
      },
      "20": {
        "start": {
          "line": 37,
          "column": 23
        },
        "end": {
          "line": 37,
          "column": 52
        }
      },
      "21": {
        "start": {
          "line": 37,
          "column": 29
        },
        "end": {
          "line": 37,
          "column": 52
        }
      }
    },
    "fnMap": {
      "0": {
        "name": "(anonymous_0)",
        "decl": {
          "start": {
            "line": 7,
            "column": 28
          },
          "end": {
            "line": 7,
            "column": 29
          }
        },
        "loc": {
          "start": {
            "line": 7,
            "column": 46
          },
          "end": {
            "line": 35,
            "column": 1
          }
        },
        "line": 7
      },
      "1": {
        "name": "(anonymous_1)",
        "decl": {
          "start": {
            "line": 11,
            "column": 11
          },
          "end": {
            "line": 11,
            "column": 12
          }
        },
        "loc": {
          "start": {
            "line": 11,
            "column": 17
          },
          "end": {
            "line": 19,
            "column": 2
          }
        },
        "line": 11
      },
      "2": {
        "name": "(anonymous_2)",
        "decl": {
          "start": {
            "line": 21,
            "column": 15
          },
          "end": {
            "line": 21,
            "column": 16
          }
        },
        "loc": {
          "start": {
            "line": 21,
            "column": 40
          },
          "end": {
            "line": 26,
            "column": 2
          }
        },
        "line": 21
      },
      "3": {
        "name": "(anonymous_3)",
        "decl": {
          "start": {
            "line": 28,
            "column": 16
          },
          "end": {
            "line": 28,
            "column": 17
          }
        },
        "loc": {
          "start": {
            "line": 28,
            "column": 22
          },
          "end": {
            "line": 32,
            "column": 2
          }
        },
        "line": 28
      },
      "4": {
        "name": "(anonymous_4)",
        "decl": {
          "start": {
            "line": 37,
            "column": 23
          },
          "end": {
            "line": 37,
            "column": 24
          }
        },
        "loc": {
          "start": {
            "line": 37,
            "column": 29
          },
          "end": {
            "line": 37,
            "column": 52
          }
        },
        "line": 37
      }
    },
    "branchMap": {
      "0": {
        "loc": {
          "start": {
            "line": 13,
            "column": 2
          },
          "end": {
            "line": 18,
            "column": 3
          }
        },
        "type": "if",
        "locations": [
          {
            "start": {
              "line": 13,
              "column": 2
            },
            "end": {
              "line": 18,
              "column": 3
            }
          },
          {
            "start": {
              "line": 15,
              "column": 9
            },
            "end": {
              "line": 18,
              "column": 3
            }
          }
        ],
        "line": 13
      }
    },
    "s": {
      "0": 320,
      "1": 320,
      "2": 422,
      "3": 422,
      "4": 422,
      "5": 316,
      "6": 316,
      "7": 14,
      "8": 302,
      "9": 302,
      "10": 422,
      "11": 81,
      "12": 81,
      "13": 81,
      "14": 81,
      "15": 422,
      "16": 0,
      "17": 0,
      "18": 0,
      "19": 422,
      "20": 320,
      "21": 760
    },
    "f": {
      "0": 422,
      "1": 316,
      "2": 81,
      "3": 0,
      "4": 760
    },
    "b": {
      "0": [
        14,
        302
      ]
    },
    "_coverageSchema": "1a1c01bbd47fc00a2c39e90264f33305004495a9",
    "hash": "42fc7b14eb403cb94cbc2e4c4b6dea49150f2745"
  },
  "/Users/apple/Documents/Kashif-Github/Nailbiting-Admin/src/components/Splash.js": {
    "path": "/Users/apple/Documents/Kashif-Github/Nailbiting-Admin/src/components/Splash.js",
    "statementMap": {
      "0": {
        "start": {
          "line": 1,
          "column": 15
        },
        "end": {
          "line": 7,
          "column": 1
        }
      },
      "1": {
        "start": {
          "line": 2,
          "column": 1
        },
        "end": {
          "line": 6,
          "column": 2
        }
      }
    },
    "fnMap": {
      "0": {
        "name": "(anonymous_0)",
        "decl": {
          "start": {
            "line": 1,
            "column": 15
          },
          "end": {
            "line": 1,
            "column": 16
          }
        },
        "loc": {
          "start": {
            "line": 1,
            "column": 21
          },
          "end": {
            "line": 7,
            "column": 1
          }
        },
        "line": 1
      }
    },
    "branchMap": {},
    "s": {
      "0": 320,
      "1": 402
    },
    "f": {
      "0": 402
    },
    "b": {},
    "_coverageSchema": "1a1c01bbd47fc00a2c39e90264f33305004495a9",
    "hash": "48113838390466e570e3e837bbb928c39ddcfeb9"
  },
  "/Users/apple/Documents/Kashif-Github/Nailbiting-Admin/src/app/auth/layout.js": {
    "path": "/Users/apple/Documents/Kashif-Github/Nailbiting-Admin/src/app/auth/layout.js",
    "statementMap": {
      "0": {
        "start": {
          "line": 6,
          "column": 22
        },
        "end": {
          "line": 51,
          "column": 1
        }
      },
      "1": {
        "start": {
          "line": 7,
          "column": 32
        },
        "end": {
          "line": 7,
          "column": 46
        }
      },
      "2": {
        "start": {
          "line": 8,
          "column": 17
        },
        "end": {
          "line": 8,
          "column": 28
        }
      },
      "3": {
        "start": {
          "line": 9,
          "column": 23
        },
        "end": {
          "line": 9,
          "column": 40
        }
      },
      "4": {
        "start": {
          "line": 11,
          "column": 2
        },
        "end": {
          "line": 33,
          "column": 9
        }
      },
      "5": {
        "start": {
          "line": 12,
          "column": 24
        },
        "end": {
          "line": 12,
          "column": 59
        }
      },
      "6": {
        "start": {
          "line": 13,
          "column": 27
        },
        "end": {
          "line": 16,
          "column": 5
        }
      },
      "7": {
        "start": {
          "line": 14,
          "column": 22
        },
        "end": {
          "line": 14,
          "column": 59
        }
      },
      "8": {
        "start": {
          "line": 15,
          "column": 6
        },
        "end": {
          "line": 15,
          "column": 45
        }
      },
      "9": {
        "start": {
          "line": 18,
          "column": 24
        },
        "end": {
          "line": 18,
          "column": 48
        }
      },
      "10": {
        "start": {
          "line": 19,
          "column": 30
        },
        "end": {
          "line": 19,
          "column": 78
        }
      },
      "11": {
        "start": {
          "line": 21,
          "column": 4
        },
        "end": {
          "line": 30,
          "column": 5
        }
      },
      "12": {
        "start": {
          "line": 22,
          "column": 6
        },
        "end": {
          "line": 27,
          "column": 7
        }
      },
      "13": {
        "start": {
          "line": 24,
          "column": 8
        },
        "end": {
          "line": 24,
          "column": 26
        }
      },
      "14": {
        "start": {
          "line": 26,
          "column": 8
        },
        "end": {
          "line": 26,
          "column": 33
        }
      },
      "15": {
        "start": {
          "line": 29,
          "column": 6
        },
        "end": {
          "line": 29,
          "column": 33
        }
      },
      "16": {
        "start": {
          "line": 32,
          "column": 4
        },
        "end": {
          "line": 32,
          "column": 46
        }
      },
      "17": {
        "start": {
          "line": 32,
          "column": 21
        },
        "end": {
          "line": 32,
          "column": 38
        }
      },
      "18": {
        "start": {
          "line": 35,
          "column": 2
        },
        "end": {
          "line": 50,
          "column": 4
        }
      }
    },
    "fnMap": {
      "0": {
        "name": "(anonymous_0)",
        "decl": {
          "start": {
            "line": 6,
            "column": 22
          },
          "end": {
            "line": 6,
            "column": 23
          }
        },
        "loc": {
          "start": {
            "line": 6,
            "column": 40
          },
          "end": {
            "line": 51,
            "column": 1
          }
        },
        "line": 6
      },
      "1": {
        "name": "(anonymous_1)",
        "decl": {
          "start": {
            "line": 11,
            "column": 12
          },
          "end": {
            "line": 11,
            "column": 13
          }
        },
        "loc": {
          "start": {
            "line": 11,
            "column": 18
          },
          "end": {
            "line": 33,
            "column": 3
          }
        },
        "line": 11
      },
      "2": {
        "name": "(anonymous_2)",
        "decl": {
          "start": {
            "line": 13,
            "column": 27
          },
          "end": {
            "line": 13,
            "column": 28
          }
        },
        "loc": {
          "start": {
            "line": 13,
            "column": 38
          },
          "end": {
            "line": 16,
            "column": 5
          }
        },
        "line": 13
      },
      "3": {
        "name": "(anonymous_3)",
        "decl": {
          "start": {
            "line": 32,
            "column": 15
          },
          "end": {
            "line": 32,
            "column": 16
          }
        },
        "loc": {
          "start": {
            "line": 32,
            "column": 21
          },
          "end": {
            "line": 32,
            "column": 38
          }
        },
        "line": 32
      }
    },
    "branchMap": {
      "0": {
        "loc": {
          "start": {
            "line": 21,
            "column": 4
          },
          "end": {
            "line": 30,
            "column": 5
          }
        },
        "type": "if",
        "locations": [
          {
            "start": {
              "line": 21,
              "column": 4
            },
            "end": {
              "line": 30,
              "column": 5
            }
          },
          {
            "start": {
              "line": 28,
              "column": 11
            },
            "end": {
              "line": 30,
              "column": 5
            }
          }
        ],
        "line": 21
      },
      "1": {
        "loc": {
          "start": {
            "line": 21,
            "column": 8
          },
          "end": {
            "line": 21,
            "column": 51
          }
        },
        "type": "binary-expr",
        "locations": [
          {
            "start": {
              "line": 21,
              "column": 8
            },
            "end": {
              "line": 21,
              "column": 19
            }
          },
          {
            "start": {
              "line": 21,
              "column": 23
            },
            "end": {
              "line": 21,
              "column": 51
            }
          }
        ],
        "line": 21
      },
      "2": {
        "loc": {
          "start": {
            "line": 22,
            "column": 6
          },
          "end": {
            "line": 27,
            "column": 7
          }
        },
        "type": "if",
        "locations": [
          {
            "start": {
              "line": 22,
              "column": 6
            },
            "end": {
              "line": 27,
              "column": 7
            }
          },
          {
            "start": {
              "line": 25,
              "column": 13
            },
            "end": {
              "line": 27,
              "column": 7
            }
          }
        ],
        "line": 22
      },
      "3": {
        "loc": {
          "start": {
            "line": 46,
            "column": 11
          },
          "end": {
            "line": 46,
            "column": 77
          }
        },
        "type": "cond-expr",
        "locations": [
          {
            "start": {
              "line": 46,
              "column": 21
            },
            "end": {
              "line": 46,
              "column": 31
            }
          },
          {
            "start": {
              "line": 46,
              "column": 34
            },
            "end": {
              "line": 46,
              "column": 77
            }
          }
        ],
        "line": 46
      }
    },
    "s": {
      "0": 306,
      "1": 1347,
      "2": 1347,
      "3": 1347,
      "4": 1347,
      "5": 302,
      "6": 302,
      "7": 0,
      "8": 0,
      "9": 302,
      "10": 302,
      "11": 302,
      "12": 0,
      "13": 0,
      "14": 0,
      "15": 302,
      "16": 302,
      "17": 260,
      "18": 1347
    },
    "f": {
      "0": 1347,
      "1": 302,
      "2": 0,
      "3": 260
    },
    "b": {
      "0": [
        0,
        302
      ],
      "1": [
        302,
        0
      ],
      "2": [
        0,
        0
      ],
      "3": [
        311,
        1036
      ]
    },
    "_coverageSchema": "1a1c01bbd47fc00a2c39e90264f33305004495a9",
    "hash": "4cecd64bdd42e9e8dd578805db626298201958fa"
  },
  "/Users/apple/Documents/Kashif-Github/Nailbiting-Admin/src/components/shared/DynamicButton.js": {
    "path": "/Users/apple/Documents/Kashif-Github/Nailbiting-Admin/src/components/shared/DynamicButton.js",
    "statementMap": {
      "0": {
        "start": {
          "line": 3,
          "column": 22
        },
        "end": {
          "line": 17,
          "column": 1
        }
      },
      "1": {
        "start": {
          "line": 4,
          "column": 2
        },
        "end": {
          "line": 16,
          "column": 4
        }
      }
    },
    "fnMap": {
      "0": {
        "name": "(anonymous_0)",
        "decl": {
          "start": {
            "line": 3,
            "column": 22
          },
          "end": {
            "line": 3,
            "column": 23
          }
        },
        "loc": {
          "start": {
            "line": 3,
            "column": 76
          },
          "end": {
            "line": 17,
            "column": 1
          }
        },
        "line": 3
      }
    },
    "branchMap": {
      "0": {
        "loc": {
          "start": {
            "line": 10,
            "column": 8
          },
          "end": {
            "line": 10,
            "column": 56
          }
        },
        "type": "cond-expr",
        "locations": [
          {
            "start": {
              "line": 10,
              "column": 20
            },
            "end": {
              "line": 10,
              "column": 51
            }
          },
          {
            "start": {
              "line": 10,
              "column": 54
            },
            "end": {
              "line": 10,
              "column": 56
            }
          }
        ],
        "line": 10
      },
      "1": {
        "loc": {
          "start": {
            "line": 12,
            "column": 16
          },
          "end": {
            "line": 12,
            "column": 37
          }
        },
        "type": "binary-expr",
        "locations": [
          {
            "start": {
              "line": 12,
              "column": 16
            },
            "end": {
              "line": 12,
              "column": 25
            }
          },
          {
            "start": {
              "line": 12,
              "column": 29
            },
            "end": {
              "line": 12,
              "column": 37
            }
          }
        ],
        "line": 12
      },
      "2": {
        "loc": {
          "start": {
            "line": 14,
            "column": 7
          },
          "end": {
            "line": 14,
            "column": 40
          }
        },
        "type": "cond-expr",
        "locations": [
          {
            "start": {
              "line": 14,
              "column": 19
            },
            "end": {
              "line": 14,
              "column": 29
            }
          },
          {
            "start": {
              "line": 14,
              "column": 32
            },
            "end": {
              "line": 14,
              "column": 40
            }
          }
        ],
        "line": 14
      }
    },
    "s": {
      "0": 306,
      "1": 16973
    },
    "f": {
      "0": 16973
    },
    "b": {
      "0": [
        253,
        16720
      ],
      "1": [
        16973,
        16720
      ],
      "2": [
        253,
        16720
      ]
    },
    "_coverageSchema": "1a1c01bbd47fc00a2c39e90264f33305004495a9",
    "hash": "dc8a64a46dec40e801a9d49df5a5684b5f7f863c"
  },
  "/Users/apple/Documents/Kashif-Github/Nailbiting-Admin/src/components/auth/validations/forgotPasswordValidation.js": {
    "path": "/Users/apple/Documents/Kashif-Github/Nailbiting-Admin/src/components/auth/validations/forgotPasswordValidation.js",
    "statementMap": {
      "0": {
        "start": {
          "line": 3,
          "column": 32
        },
        "end": {
          "line": 7,
          "column": 4
        }
      }
    },
    "fnMap": {},
    "branchMap": {},
    "s": {
      "0": 159
    },
    "f": {},
    "b": {},
    "_coverageSchema": "1a1c01bbd47fc00a2c39e90264f33305004495a9",
    "hash": "0c1b547467cd0a19fe7ba3c1fddbea0b1b9b4934"
  },
  "/Users/apple/Documents/Kashif-Github/Nailbiting-Admin/src/components/shared/RenderField.js": {
    "path": "/Users/apple/Documents/Kashif-Github/Nailbiting-Admin/src/components/shared/RenderField.js",
    "statementMap": {
      "0": {
        "start": {
          "line": 4,
          "column": 20
        },
        "end": {
          "line": 42,
          "column": 1
        }
      },
      "1": {
        "start": {
          "line": 5,
          "column": 35
        },
        "end": {
          "line": 5,
          "column": 53
        }
      },
      "2": {
        "start": {
          "line": 6,
          "column": 1
        },
        "end": {
          "line": 41,
          "column": 2
        }
      },
      "3": {
        "start": {
          "line": 19,
          "column": 39
        },
        "end": {
          "line": 19,
          "column": 75
        }
      },
      "4": {
        "start": {
          "line": 21,
          "column": 6
        },
        "end": {
          "line": 24,
          "column": 7
        }
      },
      "5": {
        "start": {
          "line": 23,
          "column": 39
        },
        "end": {
          "line": 23,
          "column": 51
        }
      }
    },
    "fnMap": {
      "0": {
        "name": "(anonymous_0)",
        "decl": {
          "start": {
            "line": 4,
            "column": 20
          },
          "end": {
            "line": 4,
            "column": 21
          }
        },
        "loc": {
          "start": {
            "line": 4,
            "column": 91
          },
          "end": {
            "line": 42,
            "column": 1
          }
        },
        "line": 4
      },
      "1": {
        "name": "(anonymous_1)",
        "decl": {
          "start": {
            "line": 19,
            "column": 27
          },
          "end": {
            "line": 19,
            "column": 28
          }
        },
        "loc": {
          "start": {
            "line": 19,
            "column": 39
          },
          "end": {
            "line": 19,
            "column": 75
          }
        },
        "line": 19
      },
      "2": {
        "name": "(anonymous_2)",
        "decl": {
          "start": {
            "line": 20,
            "column": 15
          },
          "end": {
            "line": 20,
            "column": 16
          }
        },
        "loc": {
          "start": {
            "line": 21,
            "column": 6
          },
          "end": {
            "line": 24,
            "column": 7
          }
        },
        "line": 21
      },
      "3": {
        "name": "(anonymous_3)",
        "decl": {
          "start": {
            "line": 23,
            "column": 27
          },
          "end": {
            "line": 23,
            "column": 28
          }
        },
        "loc": {
          "start": {
            "line": 23,
            "column": 39
          },
          "end": {
            "line": 23,
            "column": 51
          }
        },
        "line": 23
      }
    },
    "branchMap": {
      "0": {
        "loc": {
          "start": {
            "line": 8,
            "column": 75
          },
          "end": {
            "line": 8,
            "column": 96
          }
        },
        "type": "cond-expr",
        "locations": [
          {
            "start": {
              "line": 8,
              "column": 83
            },
            "end": {
              "line": 8,
              "column": 85
            }
          },
          {
            "start": {
              "line": 8,
              "column": 88
            },
            "end": {
              "line": 8,
              "column": 96
            }
          }
        ],
        "line": 8
      },
      "1": {
        "loc": {
          "start": {
            "line": 11,
            "column": 4
          },
          "end": {
            "line": 38,
            "column": 4
          }
        },
        "type": "cond-expr",
        "locations": [
          {
            "start": {
              "line": 12,
              "column": 4
            },
            "end": {
              "line": 27,
              "column": 6
            }
          },
          {
            "start": {
              "line": 29,
              "column": 4
            },
            "end": {
              "line": 37,
              "column": 6
            }
          }
        ],
        "line": 11
      },
      "2": {
        "loc": {
          "start": {
            "line": 18,
            "column": 26
          },
          "end": {
            "line": 18,
            "column": 55
          }
        },
        "type": "cond-expr",
        "locations": [
          {
            "start": {
              "line": 18,
              "column": 34
            },
            "end": {
              "line": 18,
              "column": 50
            }
          },
          {
            "start": {
              "line": 18,
              "column": 53
            },
            "end": {
              "line": 18,
              "column": 55
            }
          }
        ],
        "line": 18
      },
      "3": {
        "loc": {
          "start": {
            "line": 35,
            "column": 6
          },
          "end": {
            "line": 35,
            "column": 51
          }
        },
        "type": "cond-expr",
        "locations": [
          {
            "start": {
              "line": 35,
              "column": 14
            },
            "end": {
              "line": 35,
              "column": 30
            }
          },
          {
            "start": {
              "line": 35,
              "column": 33
            },
            "end": {
              "line": 35,
              "column": 51
            }
          }
        ],
        "line": 35
      },
      "4": {
        "loc": {
          "start": {
            "line": 39,
            "column": 4
          },
          "end": {
            "line": 39,
            "column": 91
          }
        },
        "type": "binary-expr",
        "locations": [
          {
            "start": {
              "line": 39,
              "column": 4
            },
            "end": {
              "line": 39,
              "column": 9
            }
          },
          {
            "start": {
              "line": 39,
              "column": 13
            },
            "end": {
              "line": 39,
              "column": 91
            }
          }
        ],
        "line": 39
      }
    },
    "s": {
      "0": 306,
      "1": 30576,
      "2": 30576,
      "3": 0,
      "4": 0,
      "5": 0
    },
    "f": {
      "0": 30576,
      "1": 0,
      "2": 0,
      "3": 0
    },
    "b": {
      "0": [
        27042,
        3534
      ],
      "1": [
        0,
        30576
      ],
      "2": [
        0,
        0
      ],
      "3": [
        514,
        30062
      ],
      "4": [
        30576,
        514
      ]
    },
    "_coverageSchema": "1a1c01bbd47fc00a2c39e90264f33305004495a9",
    "hash": "6cd23206a7c45ff3763abc22a1962e9e3bf4fae2"
  },
  "/Users/apple/Documents/Kashif-Github/Nailbiting-Admin/src/services/api.js": {
    "path": "/Users/apple/Documents/Kashif-Github/Nailbiting-Admin/src/services/api.js",
    "statementMap": {
      "0": {
        "start": {
          "line": 3,
          "column": 12
        },
        "end": {
          "line": 8,
          "column": 2
        }
      },
      "1": {
        "start": {
          "line": 9,
          "column": 0
        },
        "end": {
          "line": 20,
          "column": 1
        }
      },
      "2": {
        "start": {
          "line": 11,
          "column": 22
        },
        "end": {
          "line": 11,
          "column": 57
        }
      },
      "3": {
        "start": {
          "line": 12,
          "column": 2
        },
        "end": {
          "line": 14,
          "column": 3
        }
      },
      "4": {
        "start": {
          "line": 13,
          "column": 3
        },
        "end": {
          "line": 13,
          "column": 57
        }
      },
      "5": {
        "start": {
          "line": 15,
          "column": 2
        },
        "end": {
          "line": 15,
          "column": 15
        }
      },
      "6": {
        "start": {
          "line": 18,
          "column": 2
        },
        "end": {
          "line": 18,
          "column": 30
        }
      },
      "7": {
        "start": {
          "line": 21,
          "column": 0
        },
        "end": {
          "line": 52,
          "column": 2
        }
      },
      "8": {
        "start": {
          "line": 23,
          "column": 4
        },
        "end": {
          "line": 23,
          "column": 20
        }
      },
      "9": {
        "start": {
          "line": 26,
          "column": 28
        },
        "end": {
          "line": 26,
          "column": 40
        }
      },
      "10": {
        "start": {
          "line": 27,
          "column": 4
        },
        "end": {
          "line": 49,
          "column": 5
        }
      },
      "11": {
        "start": {
          "line": 28,
          "column": 6
        },
        "end": {
          "line": 28,
          "column": 36
        }
      },
      "12": {
        "start": {
          "line": 29,
          "column": 27
        },
        "end": {
          "line": 29,
          "column": 63
        }
      },
      "13": {
        "start": {
          "line": 30,
          "column": 6
        },
        "end": {
          "line": 48,
          "column": 7
        }
      },
      "14": {
        "start": {
          "line": 31,
          "column": 8
        },
        "end": {
          "line": 42,
          "column": 9
        }
      },
      "15": {
        "start": {
          "line": 32,
          "column": 27
        },
        "end": {
          "line": 32,
          "column": 128
        }
      },
      "16": {
        "start": {
          "line": 33,
          "column": 33
        },
        "end": {
          "line": 33,
          "column": 58
        }
      },
      "17": {
        "start": {
          "line": 34,
          "column": 10
        },
        "end": {
          "line": 34,
          "column": 62
        }
      },
      "18": {
        "start": {
          "line": 35,
          "column": 10
        },
        "end": {
          "line": 35,
          "column": 77
        }
      },
      "19": {
        "start": {
          "line": 36,
          "column": 10
        },
        "end": {
          "line": 36,
          "column": 38
        }
      },
      "20": {
        "start": {
          "line": 38,
          "column": 10
        },
        "end": {
          "line": 38,
          "column": 28
        }
      },
      "21": {
        "start": {
          "line": 39,
          "column": 10
        },
        "end": {
          "line": 39,
          "column": 48
        }
      },
      "22": {
        "start": {
          "line": 40,
          "column": 10
        },
        "end": {
          "line": 40,
          "column": 49
        }
      },
      "23": {
        "start": {
          "line": 41,
          "column": 5
        },
        "end": {
          "line": 41,
          "column": 57
        }
      },
      "24": {
        "start": {
          "line": 44,
          "column": 8
        },
        "end": {
          "line": 44,
          "column": 26
        }
      },
      "25": {
        "start": {
          "line": 45,
          "column": 8
        },
        "end": {
          "line": 45,
          "column": 46
        }
      },
      "26": {
        "start": {
          "line": 46,
          "column": 8
        },
        "end": {
          "line": 46,
          "column": 47
        }
      },
      "27": {
        "start": {
          "line": 47,
          "column": 8
        },
        "end": {
          "line": 47,
          "column": 46
        }
      },
      "28": {
        "start": {
          "line": 50,
          "column": 4
        },
        "end": {
          "line": 50,
          "column": 33
        }
      }
    },
    "fnMap": {
      "0": {
        "name": "(anonymous_0)",
        "decl": {
          "start": {
            "line": 10,
            "column": 1
          },
          "end": {
            "line": 10,
            "column": 2
          }
        },
        "loc": {
          "start": {
            "line": 10,
            "column": 13
          },
          "end": {
            "line": 16,
            "column": 2
          }
        },
        "line": 10
      },
      "1": {
        "name": "(anonymous_1)",
        "decl": {
          "start": {
            "line": 17,
            "column": 1
          },
          "end": {
            "line": 17,
            "column": 2
          }
        },
        "loc": {
          "start": {
            "line": 17,
            "column": 12
          },
          "end": {
            "line": 19,
            "column": 2
          }
        },
        "line": 17
      },
      "2": {
        "name": "(anonymous_2)",
        "decl": {
          "start": {
            "line": 22,
            "column": 2
          },
          "end": {
            "line": 22,
            "column": 3
          }
        },
        "loc": {
          "start": {
            "line": 22,
            "column": 16
          },
          "end": {
            "line": 24,
            "column": 3
          }
        },
        "line": 22
      },
      "3": {
        "name": "(anonymous_3)",
        "decl": {
          "start": {
            "line": 25,
            "column": 2
          },
          "end": {
            "line": 25,
            "column": 3
          }
        },
        "loc": {
          "start": {
            "line": 25,
            "column": 19
          },
          "end": {
            "line": 51,
            "column": 3
          }
        },
        "line": 25
      }
    },
    "branchMap": {
      "0": {
        "loc": {
          "start": {
            "line": 12,
            "column": 2
          },
          "end": {
            "line": 14,
            "column": 3
          }
        },
        "type": "if",
        "locations": [
          {
            "start": {
              "line": 12,
              "column": 2
            },
            "end": {
              "line": 14,
              "column": 3
            }
          },
          {
            "start": {},
            "end": {}
          }
        ],
        "line": 12
      },
      "1": {
        "loc": {
          "start": {
            "line": 27,
            "column": 4
          },
          "end": {
            "line": 49,
            "column": 5
          }
        },
        "type": "if",
        "locations": [
          {
            "start": {
              "line": 27,
              "column": 4
            },
            "end": {
              "line": 49,
              "column": 5
            }
          },
          {
            "start": {},
            "end": {}
          }
        ],
        "line": 27
      },
      "2": {
        "loc": {
          "start": {
            "line": 27,
            "column": 8
          },
          "end": {
            "line": 27,
            "column": 64
          }
        },
        "type": "binary-expr",
        "locations": [
          {
            "start": {
              "line": 27,
              "column": 8
            },
            "end": {
              "line": 27,
              "column": 37
            }
          },
          {
            "start": {
              "line": 27,
              "column": 41
            },
            "end": {
              "line": 27,
              "column": 64
            }
          }
        ],
        "line": 27
      },
      "3": {
        "loc": {
          "start": {
            "line": 30,
            "column": 6
          },
          "end": {
            "line": 48,
            "column": 7
          }
        },
        "type": "if",
        "locations": [
          {
            "start": {
              "line": 30,
              "column": 6
            },
            "end": {
              "line": 48,
              "column": 7
            }
          },
          {
            "start": {
              "line": 43,
              "column": 12
            },
            "end": {
              "line": 48,
              "column": 7
            }
          }
        ],
        "line": 30
      }
    },
    "s": {
      "0": 320,
      "1": 320,
      "2": 477,
      "3": 477,
      "4": 257,
      "5": 477,
      "6": 0,
      "7": 320,
      "8": 282,
      "9": 37,
      "10": 37,
      "11": 0,
      "12": 0,
      "13": 0,
      "14": 0,
      "15": 0,
      "16": 0,
      "17": 0,
      "18": 0,
      "19": 0,
      "20": 0,
      "21": 0,
      "22": 0,
      "23": 0,
      "24": 0,
      "25": 0,
      "26": 0,
      "27": 0,
      "28": 37
    },
    "f": {
      "0": 477,
      "1": 0,
      "2": 282,
      "3": 37
    },
    "b": {
      "0": [
        257,
        220
      ],
      "1": [
        0,
        37
      ],
      "2": [
        37,
        0
      ],
      "3": [
        0,
        0
      ]
    },
    "_coverageSchema": "1a1c01bbd47fc00a2c39e90264f33305004495a9",
    "hash": "5849e68dd37de8461eb52ba50e4c440452865b85"
  },
  "/Users/apple/Documents/Kashif-Github/Nailbiting-Admin/src/actions/auth/auth.js": {
    "path": "/Users/apple/Documents/Kashif-Github/Nailbiting-Admin/src/actions/auth/auth.js",
    "statementMap": {
      "0": {
        "start": {
          "line": 2,
          "column": 25
        },
        "end": {
          "line": 19,
          "column": 1
        }
      },
      "1": {
        "start": {
          "line": 3,
          "column": 2
        },
        "end": {
          "line": 18,
          "column": 3
        }
      },
      "2": {
        "start": {
          "line": 4,
          "column": 21
        },
        "end": {
          "line": 4,
          "column": 58
        }
      },
      "3": {
        "start": {
          "line": 5,
          "column": 4
        },
        "end": {
          "line": 5,
          "column": 44
        }
      },
      "4": {
        "start": {
          "line": 7,
          "column": 21
        },
        "end": {
          "line": 7,
          "column": 34
        }
      },
      "5": {
        "start": {
          "line": 10,
          "column": 4
        },
        "end": {
          "line": 12,
          "column": 5
        }
      },
      "6": {
        "start": {
          "line": 11,
          "column": 6
        },
        "end": {
          "line": 11,
          "column": 104
        }
      },
      "7": {
        "start": {
          "line": 14,
          "column": 4
        },
        "end": {
          "line": 14,
          "column": 15
        }
      },
      "8": {
        "start": {
          "line": 16,
          "column": 4
        },
        "end": {
          "line": 16,
          "column": 40
        }
      },
      "9": {
        "start": {
          "line": 17,
          "column": 4
        },
        "end": {
          "line": 17,
          "column": 15
        }
      },
      "10": {
        "start": {
          "line": 20,
          "column": 30
        },
        "end": {
          "line": 23,
          "column": 1
        }
      },
      "11": {
        "start": {
          "line": 21,
          "column": 19
        },
        "end": {
          "line": 21,
          "column": 66
        }
      },
      "12": {
        "start": {
          "line": 22,
          "column": 2
        },
        "end": {
          "line": 22,
          "column": 22
        }
      },
      "13": {
        "start": {
          "line": 24,
          "column": 29
        },
        "end": {
          "line": 27,
          "column": 1
        }
      },
      "14": {
        "start": {
          "line": 25,
          "column": 19
        },
        "end": {
          "line": 25,
          "column": 83
        }
      },
      "15": {
        "start": {
          "line": 26,
          "column": 2
        },
        "end": {
          "line": 26,
          "column": 22
        }
      },
      "16": {
        "start": {
          "line": 28,
          "column": 25
        },
        "end": {
          "line": 31,
          "column": 1
        }
      },
      "17": {
        "start": {
          "line": 29,
          "column": 19
        },
        "end": {
          "line": 29,
          "column": 64
        }
      },
      "18": {
        "start": {
          "line": 30,
          "column": 2
        },
        "end": {
          "line": 30,
          "column": 22
        }
      },
      "19": {
        "start": {
          "line": 32,
          "column": 27
        },
        "end": {
          "line": 36,
          "column": 1
        }
      },
      "20": {
        "start": {
          "line": 33,
          "column": 2
        },
        "end": {
          "line": 33,
          "column": 30
        }
      },
      "21": {
        "start": {
          "line": 34,
          "column": 19
        },
        "end": {
          "line": 34,
          "column": 65
        }
      },
      "22": {
        "start": {
          "line": 35,
          "column": 2
        },
        "end": {
          "line": 35,
          "column": 22
        }
      },
      "23": {
        "start": {
          "line": 37,
          "column": 27
        },
        "end": {
          "line": 44,
          "column": 1
        }
      },
      "24": {
        "start": {
          "line": 38,
          "column": 19
        },
        "end": {
          "line": 38,
          "column": 87
        }
      },
      "25": {
        "start": {
          "line": 39,
          "column": 2
        },
        "end": {
          "line": 39,
          "column": 54
        }
      },
      "26": {
        "start": {
          "line": 40,
          "column": 26
        },
        "end": {
          "line": 40,
          "column": 39
        }
      },
      "27": {
        "start": {
          "line": 41,
          "column": 2
        },
        "end": {
          "line": 41,
          "column": 50
        }
      },
      "28": {
        "start": {
          "line": 43,
          "column": 2
        },
        "end": {
          "line": 43,
          "column": 22
        }
      },
      "29": {
        "start": {
          "line": 45,
          "column": 30
        },
        "end": {
          "line": 48,
          "column": 1
        }
      },
      "30": {
        "start": {
          "line": 46,
          "column": 19
        },
        "end": {
          "line": 46,
          "column": 84
        }
      },
      "31": {
        "start": {
          "line": 47,
          "column": 2
        },
        "end": {
          "line": 47,
          "column": 22
        }
      }
    },
    "fnMap": {
      "0": {
        "name": "(anonymous_0)",
        "decl": {
          "start": {
            "line": 2,
            "column": 25
          },
          "end": {
            "line": 2,
            "column": 26
          }
        },
        "loc": {
          "start": {
            "line": 2,
            "column": 43
          },
          "end": {
            "line": 19,
            "column": 1
          }
        },
        "line": 2
      },
      "1": {
        "name": "(anonymous_1)",
        "decl": {
          "start": {
            "line": 20,
            "column": 30
          },
          "end": {
            "line": 20,
            "column": 31
          }
        },
        "loc": {
          "start": {
            "line": 20,
            "column": 48
          },
          "end": {
            "line": 23,
            "column": 1
          }
        },
        "line": 20
      },
      "2": {
        "name": "(anonymous_2)",
        "decl": {
          "start": {
            "line": 24,
            "column": 29
          },
          "end": {
            "line": 24,
            "column": 30
          }
        },
        "loc": {
          "start": {
            "line": 24,
            "column": 61
          },
          "end": {
            "line": 27,
            "column": 1
          }
        },
        "line": 24
      },
      "3": {
        "name": "(anonymous_3)",
        "decl": {
          "start": {
            "line": 28,
            "column": 25
          },
          "end": {
            "line": 28,
            "column": 26
          }
        },
        "loc": {
          "start": {
            "line": 28,
            "column": 42
          },
          "end": {
            "line": 31,
            "column": 1
          }
        },
        "line": 28
      },
      "4": {
        "name": "(anonymous_4)",
        "decl": {
          "start": {
            "line": 32,
            "column": 27
          },
          "end": {
            "line": 32,
            "column": 28
          }
        },
        "loc": {
          "start": {
            "line": 32,
            "column": 44
          },
          "end": {
            "line": 36,
            "column": 1
          }
        },
        "line": 32
      },
      "5": {
        "name": "(anonymous_5)",
        "decl": {
          "start": {
            "line": 37,
            "column": 27
          },
          "end": {
            "line": 37,
            "column": 28
          }
        },
        "loc": {
          "start": {
            "line": 37,
            "column": 58
          },
          "end": {
            "line": 44,
            "column": 1
          }
        },
        "line": 37
      },
      "6": {
        "name": "(anonymous_6)",
        "decl": {
          "start": {
            "line": 45,
            "column": 30
          },
          "end": {
            "line": 45,
            "column": 31
          }
        },
        "loc": {
          "start": {
            "line": 45,
            "column": 63
          },
          "end": {
            "line": 48,
            "column": 1
          }
        },
        "line": 45
      }
    },
    "branchMap": {
      "0": {
        "loc": {
          "start": {
            "line": 10,
            "column": 4
          },
          "end": {
            "line": 12,
            "column": 5
          }
        },
        "type": "if",
        "locations": [
          {
            "start": {
              "line": 10,
              "column": 4
            },
            "end": {
              "line": 12,
              "column": 5
            }
          },
          {
            "start": {},
            "end": {}
          }
        ],
        "line": 10
      }
    },
    "s": {
      "0": 306,
      "1": 115,
      "2": 115,
      "3": 90,
      "4": 90,
      "5": 90,
      "6": 9,
      "7": 81,
      "8": 16,
      "9": 16,
      "10": 306,
      "11": 87,
      "12": 75,
      "13": 306,
      "14": 18,
      "15": 9,
      "16": 306,
      "17": 0,
      "18": 0,
      "19": 306,
      "20": 7,
      "21": 7,
      "22": 0,
      "23": 306,
      "24": 0,
      "25": 0,
      "26": 0,
      "27": 0,
      "28": 0,
      "29": 306,
      "30": 7,
      "31": 7
    },
    "f": {
      "0": 115,
      "1": 87,
      "2": 18,
      "3": 0,
      "4": 7,
      "5": 0,
      "6": 7
    },
    "b": {
      "0": [
        9,
        81
      ]
    },
    "_coverageSchema": "1a1c01bbd47fc00a2c39e90264f33305004495a9",
    "hash": "4970f218d5fc578979669179f23b3d55293cd634"
  },
  "/Users/apple/Documents/Kashif-Github/Nailbiting-Admin/src/components/shared/Toaster.js": {
    "path": "/Users/apple/Documents/Kashif-Github/Nailbiting-Admin/src/components/shared/Toaster.js",
    "statementMap": {
      "0": {
        "start": {
          "line": 5,
          "column": 36
        },
        "end": {
          "line": 5,
          "column": 50
        }
      },
      "1": {
        "start": {
          "line": 7,
          "column": 2
        },
        "end": {
          "line": 16,
          "column": 16
        }
      },
      "2": {
        "start": {
          "line": 8,
          "column": 18
        },
        "end": {
          "line": 13,
          "column": 12
        }
      },
      "3": {
        "start": {
          "line": 9,
          "column": 6
        },
        "end": {
          "line": 9,
          "column": 26
        }
      },
      "4": {
        "start": {
          "line": 10,
          "column": 6
        },
        "end": {
          "line": 12,
          "column": 7
        }
      },
      "5": {
        "start": {
          "line": 11,
          "column": 8
        },
        "end": {
          "line": 11,
          "column": 18
        }
      },
      "6": {
        "start": {
          "line": 15,
          "column": 4
        },
        "end": {
          "line": 15,
          "column": 37
        }
      },
      "7": {
        "start": {
          "line": 15,
          "column": 17
        },
        "end": {
          "line": 15,
          "column": 36
        }
      },
      "8": {
        "start": {
          "line": 19,
          "column": 21
        },
        "end": {
          "line": 35,
          "column": 3
        }
      },
      "9": {
        "start": {
          "line": 37,
          "column": 46
        },
        "end": {
          "line": 37,
          "column": 68
        }
      },
      "10": {
        "start": {
          "line": 39,
          "column": 2
        },
        "end": {
          "line": 41,
          "column": 3
        }
      },
      "11": {
        "start": {
          "line": 40,
          "column": 4
        },
        "end": {
          "line": 40,
          "column": 16
        }
      },
      "12": {
        "start": {
          "line": 43,
          "column": 2
        },
        "end": {
          "line": 47,
          "column": 4
        }
      }
    },
    "fnMap": {
      "0": {
        "name": "Toaster",
        "decl": {
          "start": {
            "line": 4,
            "column": 24
          },
          "end": {
            "line": 4,
            "column": 31
          }
        },
        "loc": {
          "start": {
            "line": 4,
            "column": 60
          },
          "end": {
            "line": 48,
            "column": 1
          }
        },
        "line": 4
      },
      "1": {
        "name": "(anonymous_1)",
        "decl": {
          "start": {
            "line": 7,
            "column": 12
          },
          "end": {
            "line": 7,
            "column": 13
          }
        },
        "loc": {
          "start": {
            "line": 7,
            "column": 18
          },
          "end": {
            "line": 16,
            "column": 3
          }
        },
        "line": 7
      },
      "2": {
        "name": "(anonymous_2)",
        "decl": {
          "start": {
            "line": 8,
            "column": 29
          },
          "end": {
            "line": 8,
            "column": 30
          }
        },
        "loc": {
          "start": {
            "line": 8,
            "column": 35
          },
          "end": {
            "line": 13,
            "column": 5
          }
        },
        "line": 8
      },
      "3": {
        "name": "(anonymous_3)",
        "decl": {
          "start": {
            "line": 15,
            "column": 11
          },
          "end": {
            "line": 15,
            "column": 12
          }
        },
        "loc": {
          "start": {
            "line": 15,
            "column": 17
          },
          "end": {
            "line": 15,
            "column": 36
          }
        },
        "line": 15
      }
    },
    "branchMap": {
      "0": {
        "loc": {
          "start": {
            "line": 10,
            "column": 6
          },
          "end": {
            "line": 12,
            "column": 7
          }
        },
        "type": "if",
        "locations": [
          {
            "start": {
              "line": 10,
              "column": 6
            },
            "end": {
              "line": 12,
              "column": 7
            }
          },
          {
            "start": {},
            "end": {}
          }
        ],
        "line": 10
      },
      "1": {
        "loc": {
          "start": {
            "line": 37,
            "column": 46
          },
          "end": {
            "line": 37,
            "column": 68
          }
        },
        "type": "binary-expr",
        "locations": [
          {
            "start": {
              "line": 37,
              "column": 46
            },
            "end": {
              "line": 37,
              "column": 62
            }
          },
          {
            "start": {
              "line": 37,
              "column": 66
            },
            "end": {
              "line": 37,
              "column": 68
            }
          }
        ],
        "line": 37
      },
      "2": {
        "loc": {
          "start": {
            "line": 39,
            "column": 2
          },
          "end": {
            "line": 41,
            "column": 3
          }
        },
        "type": "if",
        "locations": [
          {
            "start": {
              "line": 39,
              "column": 2
            },
            "end": {
              "line": 41,
              "column": 3
            }
          },
          {
            "start": {},
            "end": {}
          }
        ],
        "line": 39
      }
    },
    "s": {
      "0": 107,
      "1": 107,
      "2": 107,
      "3": 13,
      "4": 13,
      "5": 13,
      "6": 107,
      "7": 76,
      "8": 107,
      "9": 107,
      "10": 107,
      "11": 0,
      "12": 107
    },
    "f": {
      "0": 107,
      "1": 107,
      "2": 13,
      "3": 76
    },
    "b": {
      "0": [
        13,
        0
      ],
      "1": [
        107,
        0
      ],
      "2": [
        0,
        107
      ]
    },
    "_coverageSchema": "1a1c01bbd47fc00a2c39e90264f33305004495a9",
    "hash": "cf895ade560e87f93201197d762f4f1e28aef5df"
  },
  "/Users/apple/Documents/Kashif-Github/Nailbiting-Admin/src/app/auth/forgot-password/page.js": {
    "path": "/Users/apple/Documents/Kashif-Github/Nailbiting-Admin/src/app/auth/forgot-password/page.js",
    "statementMap": {
      "0": {
        "start": {
          "line": 15,
          "column": 17
        },
        "end": {
          "line": 15,
          "column": 28
        }
      },
      "1": {
        "start": {
          "line": 16,
          "column": 28
        },
        "end": {
          "line": 16,
          "column": 40
        }
      },
      "2": {
        "start": {
          "line": 17,
          "column": 36
        },
        "end": {
          "line": 17,
          "column": 51
        }
      },
      "3": {
        "start": {
          "line": 18,
          "column": 36
        },
        "end": {
          "line": 18,
          "column": 51
        }
      },
      "4": {
        "start": {
          "line": 20,
          "column": 23
        },
        "end": {
          "line": 38,
          "column": 3
        }
      },
      "5": {
        "start": {
          "line": 21,
          "column": 4
        },
        "end": {
          "line": 21,
          "column": 23
        }
      },
      "6": {
        "start": {
          "line": 22,
          "column": 4
        },
        "end": {
          "line": 22,
          "column": 17
        }
      },
      "7": {
        "start": {
          "line": 23,
          "column": 4
        },
        "end": {
          "line": 37,
          "column": 5
        }
      },
      "8": {
        "start": {
          "line": 24,
          "column": 19
        },
        "end": {
          "line": 24,
          "column": 47
        }
      },
      "9": {
        "start": {
          "line": 25,
          "column": 6
        },
        "end": {
          "line": 25,
          "column": 43
        }
      },
      "10": {
        "start": {
          "line": 26,
          "column": 6
        },
        "end": {
          "line": 26,
          "column": 25
        }
      },
      "11": {
        "start": {
          "line": 27,
          "column": 6
        },
        "end": {
          "line": 29,
          "column": 8
        }
      },
      "12": {
        "start": {
          "line": 31,
          "column": 6
        },
        "end": {
          "line": 34,
          "column": 8
        }
      },
      "13": {
        "start": {
          "line": 36,
          "column": 6
        },
        "end": {
          "line": 36,
          "column": 26
        }
      },
      "14": {
        "start": {
          "line": 40,
          "column": 2
        },
        "end": {
          "line": 138,
          "column": 4
        }
      },
      "15": {
        "start": {
          "line": 78,
          "column": 14
        },
        "end": {
          "line": 132,
          "column": 21
        }
      }
    },
    "fnMap": {
      "0": {
        "name": "ForgotPassword",
        "decl": {
          "start": {
            "line": 14,
            "column": 24
          },
          "end": {
            "line": 14,
            "column": 38
          }
        },
        "loc": {
          "start": {
            "line": 14,
            "column": 41
          },
          "end": {
            "line": 139,
            "column": 1
          }
        },
        "line": 14
      },
      "1": {
        "name": "(anonymous_1)",
        "decl": {
          "start": {
            "line": 20,
            "column": 23
          },
          "end": {
            "line": 20,
            "column": 24
          }
        },
        "loc": {
          "start": {
            "line": 20,
            "column": 41
          },
          "end": {
            "line": 38,
            "column": 3
          }
        },
        "line": 20
      },
      "2": {
        "name": "(anonymous_2)",
        "decl": {
          "start": {
            "line": 77,
            "column": 13
          },
          "end": {
            "line": 77,
            "column": 14
          }
        },
        "loc": {
          "start": {
            "line": 78,
            "column": 14
          },
          "end": {
            "line": 132,
            "column": 21
          }
        },
        "line": 78
      },
      "3": {
        "name": "(anonymous_3)",
        "decl": {
          "start": {
            "line": 100,
            "column": 29
          },
          "end": {
            "line": 100,
            "column": 30
          }
        },
        "loc": {
          "start": {
            "line": 100,
            "column": 35
          },
          "end": {
            "line": 102,
            "column": 21
          }
        },
        "line": 100
      }
    },
    "branchMap": {
      "0": {
        "loc": {
          "start": {
            "line": 32,
            "column": 8
          },
          "end": {
            "line": 33,
            "column": 36
          }
        },
        "type": "binary-expr",
        "locations": [
          {
            "start": {
              "line": 32,
              "column": 8
            },
            "end": {
              "line": 32,
              "column": 36
            }
          },
          {
            "start": {
              "line": 33,
              "column": 10
            },
            "end": {
              "line": 33,
              "column": 36
            }
          }
        ],
        "line": 32
      },
      "1": {
        "loc": {
          "start": {
            "line": 86,
            "column": 27
          },
          "end": {
            "line": 86,
            "column": 78
          }
        },
        "type": "cond-expr",
        "locations": [
          {
            "start": {
              "line": 86,
              "column": 59
            },
            "end": {
              "line": 86,
              "column": 71
            }
          },
          {
            "start": {
              "line": 86,
              "column": 74
            },
            "end": {
              "line": 86,
              "column": 78
            }
          }
        ],
        "line": 86
      },
      "2": {
        "loc": {
          "start": {
            "line": 86,
            "column": 27
          },
          "end": {
            "line": 86,
            "column": 56
          }
        },
        "type": "binary-expr",
        "locations": [
          {
            "start": {
              "line": 86,
              "column": 27
            },
            "end": {
              "line": 86,
              "column": 39
            }
          },
          {
            "start": {
              "line": 86,
              "column": 43
            },
            "end": {
              "line": 86,
              "column": 56
            }
          }
        ],
        "line": 86
      },
      "3": {
        "loc": {
          "start": {
            "line": 90,
            "column": 17
          },
          "end": {
            "line": 94,
            "column": 17
          }
        },
        "type": "binary-expr",
        "locations": [
          {
            "start": {
              "line": 90,
              "column": 17
            },
            "end": {
              "line": 90,
              "column": 22
            }
          },
          {
            "start": {
              "line": 91,
              "column": 18
            },
            "end": {
              "line": 93,
              "column": 24
            }
          }
        ],
        "line": 90
      },
      "4": {
        "loc": {
          "start": {
            "line": 96,
            "column": 17
          },
          "end": {
            "line": 104,
            "column": 17
          }
        },
        "type": "binary-expr",
        "locations": [
          {
            "start": {
              "line": 96,
              "column": 17
            },
            "end": {
              "line": 96,
              "column": 26
            }
          },
          {
            "start": {
              "line": 97,
              "column": 18
            },
            "end": {
              "line": 103,
              "column": 20
            }
          }
        ],
        "line": 96
      }
    },
    "s": {
      "0": 287,
      "1": 287,
      "2": 287,
      "3": 287,
      "4": 287,
      "5": 87,
      "6": 87,
      "7": 87,
      "8": 87,
      "9": 75,
      "10": 75,
      "11": 75,
      "12": 12,
      "13": 87,
      "14": 287,
      "15": 3890
    },
    "f": {
      "0": 287,
      "1": 87,
      "2": 3890,
      "3": 0
    },
    "b": {
      "0": [
        12,
        0
      ],
      "1": [
        36,
        3854
      ],
      "2": [
        3890,
        1602
      ],
      "3": [
        3890,
        12
      ],
      "4": [
        3890,
        75
      ]
    },
    "_coverageSchema": "1a1c01bbd47fc00a2c39e90264f33305004495a9",
    "hash": "e31acccf979a11fce4b2b3bec909ec8ff0033820"
  },
  "/Users/apple/Documents/Kashif-Github/Nailbiting-Admin/src/components/auth/validations/loginValidation.js": {
    "path": "/Users/apple/Documents/Kashif-Github/Nailbiting-Admin/src/components/auth/validations/loginValidation.js",
    "statementMap": {
      "0": {
        "start": {
          "line": 3,
          "column": 32
        },
        "end": {
          "line": 10,
          "column": 2
        }
      }
    },
    "fnMap": {},
    "branchMap": {},
    "s": {
      "0": 258
    },
    "f": {},
    "b": {},
    "_coverageSchema": "1a1c01bbd47fc00a2c39e90264f33305004495a9",
    "hash": "9ccb3f866131041e0278713111365c2854eaf431"
  },
  "/Users/apple/Documents/Kashif-Github/Nailbiting-Admin/src/app/auth/login/page.js": {
    "path": "/Users/apple/Documents/Kashif-Github/Nailbiting-Admin/src/app/auth/login/page.js",
    "statementMap": {
      "0": {
        "start": {
          "line": 15,
          "column": 19
        },
        "end": {
          "line": 15,
          "column": 28
        }
      },
      "1": {
        "start": {
          "line": 16,
          "column": 16
        },
        "end": {
          "line": 16,
          "column": 27
        }
      },
      "2": {
        "start": {
          "line": 17,
          "column": 27
        },
        "end": {
          "line": 17,
          "column": 39
        }
      },
      "3": {
        "start": {
          "line": 18,
          "column": 35
        },
        "end": {
          "line": 18,
          "column": 50
        }
      },
      "4": {
        "start": {
          "line": 19,
          "column": 41
        },
        "end": {
          "line": 19,
          "column": 56
        }
      },
      "5": {
        "start": {
          "line": 21,
          "column": 23
        },
        "end": {
          "line": 51,
          "column": 3
        }
      },
      "6": {
        "start": {
          "line": 22,
          "column": 4
        },
        "end": {
          "line": 50,
          "column": 5
        }
      },
      "7": {
        "start": {
          "line": 23,
          "column": 6
        },
        "end": {
          "line": 23,
          "column": 24
        }
      },
      "8": {
        "start": {
          "line": 24,
          "column": 6
        },
        "end": {
          "line": 24,
          "column": 18
        }
      },
      "9": {
        "start": {
          "line": 25,
          "column": 19
        },
        "end": {
          "line": 25,
          "column": 42
        }
      },
      "10": {
        "start": {
          "line": 27,
          "column": 6
        },
        "end": {
          "line": 34,
          "column": 7
        }
      },
      "11": {
        "start": {
          "line": 29,
          "column": 4
        },
        "end": {
          "line": 29,
          "column": 40
        }
      },
      "12": {
        "start": {
          "line": 30,
          "column": 4
        },
        "end": {
          "line": 30,
          "column": 68
        }
      },
      "13": {
        "start": {
          "line": 31,
          "column": 8
        },
        "end": {
          "line": 31,
          "column": 51
        }
      },
      "14": {
        "start": {
          "line": 33,
          "column": 8
        },
        "end": {
          "line": 33,
          "column": 71
        }
      },
      "15": {
        "start": {
          "line": 36,
          "column": 6
        },
        "end": {
          "line": 36,
          "column": 22
        }
      },
      "16": {
        "start": {
          "line": 37,
          "column": 6
        },
        "end": {
          "line": 41,
          "column": 7
        }
      },
      "17": {
        "start": {
          "line": 38,
          "column": 8
        },
        "end": {
          "line": 38,
          "column": 53
        }
      },
      "18": {
        "start": {
          "line": 40,
          "column": 8
        },
        "end": {
          "line": 40,
          "column": 69
        }
      },
      "19": {
        "start": {
          "line": 42,
          "column": 6
        },
        "end": {
          "line": 47,
          "column": 7
        }
      },
      "20": {
        "start": {
          "line": 43,
          "column": 8
        },
        "end": {
          "line": 46,
          "column": 16
        }
      },
      "21": {
        "start": {
          "line": 44,
          "column": 10
        },
        "end": {
          "line": 44,
          "column": 39
        }
      },
      "22": {
        "start": {
          "line": 45,
          "column": 10
        },
        "end": {
          "line": 45,
          "column": 89
        }
      },
      "23": {
        "start": {
          "line": 49,
          "column": 6
        },
        "end": {
          "line": 49,
          "column": 25
        }
      },
      "24": {
        "start": {
          "line": 53,
          "column": 1
        },
        "end": {
          "line": 144,
          "column": 2
        }
      },
      "25": {
        "start": {
          "line": 80,
          "column": 7
        },
        "end": {
          "line": 138,
          "column": 14
        }
      },
      "26": {
        "start": {
          "line": 104,
          "column": 26
        },
        "end": {
          "line": 104,
          "column": 56
        }
      },
      "27": {
        "start": {
          "line": 130,
          "column": 11
        },
        "end": {
          "line": 130,
          "column": 23
        }
      }
    },
    "fnMap": {
      "0": {
        "name": "Login",
        "decl": {
          "start": {
            "line": 14,
            "column": 24
          },
          "end": {
            "line": 14,
            "column": 29
          }
        },
        "loc": {
          "start": {
            "line": 14,
            "column": 32
          },
          "end": {
            "line": 145,
            "column": 1
          }
        },
        "line": 14
      },
      "1": {
        "name": "(anonymous_1)",
        "decl": {
          "start": {
            "line": 21,
            "column": 23
          },
          "end": {
            "line": 21,
            "column": 24
          }
        },
        "loc": {
          "start": {
            "line": 21,
            "column": 41
          },
          "end": {
            "line": 51,
            "column": 3
          }
        },
        "line": 21
      },
      "2": {
        "name": "(anonymous_2)",
        "decl": {
          "start": {
            "line": 43,
            "column": 19
          },
          "end": {
            "line": 43,
            "column": 20
          }
        },
        "loc": {
          "start": {
            "line": 43,
            "column": 31
          },
          "end": {
            "line": 46,
            "column": 9
          }
        },
        "line": 43
      },
      "3": {
        "name": "(anonymous_3)",
        "decl": {
          "start": {
            "line": 79,
            "column": 7
          },
          "end": {
            "line": 79,
            "column": 8
          }
        },
        "loc": {
          "start": {
            "line": 80,
            "column": 7
          },
          "end": {
            "line": 138,
            "column": 14
          }
        },
        "line": 80
      },
      "4": {
        "name": "(anonymous_4)",
        "decl": {
          "start": {
            "line": 104,
            "column": 20
          },
          "end": {
            "line": 104,
            "column": 21
          }
        },
        "loc": {
          "start": {
            "line": 104,
            "column": 26
          },
          "end": {
            "line": 104,
            "column": 56
          }
        },
        "line": 104
      },
      "5": {
        "name": "(anonymous_5)",
        "decl": {
          "start": {
            "line": 129,
            "column": 19
          },
          "end": {
            "line": 129,
            "column": 20
          }
        },
        "loc": {
          "start": {
            "line": 129,
            "column": 25
          },
          "end": {
            "line": 131,
            "column": 11
          }
        },
        "line": 129
      }
    },
    "branchMap": {
      "0": {
        "loc": {
          "start": {
            "line": 27,
            "column": 6
          },
          "end": {
            "line": 34,
            "column": 7
          }
        },
        "type": "if",
        "locations": [
          {
            "start": {
              "line": 27,
              "column": 6
            },
            "end": {
              "line": 34,
              "column": 7
            }
          },
          {
            "start": {
              "line": 32,
              "column": 13
            },
            "end": {
              "line": 34,
              "column": 7
            }
          }
        ],
        "line": 27
      },
      "1": {
        "loc": {
          "start": {
            "line": 27,
            "column": 10
          },
          "end": {
            "line": 27,
            "column": 49
          }
        },
        "type": "binary-expr",
        "locations": [
          {
            "start": {
              "line": 27,
              "column": 10
            },
            "end": {
              "line": 27,
              "column": 27
            }
          },
          {
            "start": {
              "line": 27,
              "column": 31
            },
            "end": {
              "line": 27,
              "column": 49
            }
          }
        ],
        "line": 27
      },
      "2": {
        "loc": {
          "start": {
            "line": 37,
            "column": 6
          },
          "end": {
            "line": 41,
            "column": 7
          }
        },
        "type": "if",
        "locations": [
          {
            "start": {
              "line": 37,
              "column": 6
            },
            "end": {
              "line": 41,
              "column": 7
            }
          },
          {
            "start": {
              "line": 39,
              "column": 13
            },
            "end": {
              "line": 41,
              "column": 7
            }
          }
        ],
        "line": 37
      },
      "3": {
        "loc": {
          "start": {
            "line": 40,
            "column": 17
          },
          "end": {
            "line": 40,
            "column": 67
          }
        },
        "type": "binary-expr",
        "locations": [
          {
            "start": {
              "line": 40,
              "column": 17
            },
            "end": {
              "line": 40,
              "column": 45
            }
          },
          {
            "start": {
              "line": 40,
              "column": 49
            },
            "end": {
              "line": 40,
              "column": 67
            }
          }
        ],
        "line": 40
      },
      "4": {
        "loc": {
          "start": {
            "line": 42,
            "column": 6
          },
          "end": {
            "line": 47,
            "column": 7
          }
        },
        "type": "if",
        "locations": [
          {
            "start": {
              "line": 42,
              "column": 6
            },
            "end": {
              "line": 47,
              "column": 7
            }
          },
          {
            "start": {},
            "end": {}
          }
        ],
        "line": 42
      },
      "5": {
        "loc": {
          "start": {
            "line": 89,
            "column": 17
          },
          "end": {
            "line": 89,
            "column": 68
          }
        },
        "type": "cond-expr",
        "locations": [
          {
            "start": {
              "line": 89,
              "column": 49
            },
            "end": {
              "line": 89,
              "column": 61
            }
          },
          {
            "start": {
              "line": 89,
              "column": 64
            },
            "end": {
              "line": 89,
              "column": 68
            }
          }
        ],
        "line": 89
      },
      "6": {
        "loc": {
          "start": {
            "line": 89,
            "column": 17
          },
          "end": {
            "line": 89,
            "column": 46
          }
        },
        "type": "binary-expr",
        "locations": [
          {
            "start": {
              "line": 89,
              "column": 17
            },
            "end": {
              "line": 89,
              "column": 29
            }
          },
          {
            "start": {
              "line": 89,
              "column": 33
            },
            "end": {
              "line": 89,
              "column": 46
            }
          }
        ],
        "line": 89
      },
      "7": {
        "loc": {
          "start": {
            "line": 98,
            "column": 17
          },
          "end": {
            "line": 98,
            "column": 51
          }
        },
        "type": "cond-expr",
        "locations": [
          {
            "start": {
              "line": 98,
              "column": 32
            },
            "end": {
              "line": 98,
              "column": 38
            }
          },
          {
            "start": {
              "line": 98,
              "column": 41
            },
            "end": {
              "line": 98,
              "column": 51
            }
          }
        ],
        "line": 98
      },
      "8": {
        "loc": {
          "start": {
            "line": 100,
            "column": 18
          },
          "end": {
            "line": 100,
            "column": 78
          }
        },
        "type": "cond-expr",
        "locations": [
          {
            "start": {
              "line": 100,
              "column": 56
            },
            "end": {
              "line": 100,
              "column": 71
            }
          },
          {
            "start": {
              "line": 100,
              "column": 74
            },
            "end": {
              "line": 100,
              "column": 78
            }
          }
        ],
        "line": 100
      },
      "9": {
        "loc": {
          "start": {
            "line": 100,
            "column": 18
          },
          "end": {
            "line": 100,
            "column": 53
[...]
            "column": 11
          }
        },
        "type": "binary-expr",
        "locations": [
          {
            "start": {
              "line": 142,
              "column": 11
            },
            "end": {
              "line": 142,
              "column": 29
            }
          },
          {
            "start": {
              "line": 143,
              "column": 11
            },
            "end": {
              "line": 154,
              "column": 17
            }
          }
        ],
        "line": 142
      },
      "13": {
        "loc": {
          "start": {
            "line": 148,
            "column": 15
          },
          "end": {
            "line": 148,
            "column": 57
          }
        },
        "type": "cond-expr",
        "locations": [
          {
            "start": {
              "line": 148,
              "column": 39
            },
            "end": {
              "line": 148,
              "column": 52
            }
          },
          {
            "start": {
              "line": 148,
              "column": 55
            },
            "end": {
              "line": 148,
              "column": 57
            }
          }
        ],
        "line": 148
      },
      "14": {
        "loc": {
          "start": {
            "line": 161,
            "column": 12
          },
          "end": {
            "line": 161,
            "column": 85
          }
        },
        "type": "cond-expr",
        "locations": [
          {
            "start": {
              "line": 161,
              "column": 38
            },
            "end": {
              "line": 161,
              "column": 80
            }
          },
          {
            "start": {
              "line": 161,
              "column": 83
            },
            "end": {
              "line": 161,
              "column": 85
            }
          }
        ],
        "line": 161
      },
      "15": {
        "loc": {
          "start": {
            "line": 173,
            "column": 7
          },
          "end": {
            "line": 221,
            "column": 7
          }
        },
        "type": "cond-expr",
        "locations": [
          {
            "start": {
              "line": 174,
              "column": 7
            },
            "end": {
              "line": 174,
              "column": 68
            }
          },
          {
            "start": {
              "line": 176,
              "column": 7
            },
            "end": {
              "line": 220,
              "column": 15
            }
          }
        ],
        "line": 173
      },
      "16": {
        "loc": {
          "start": {
            "line": 190,
            "column": 13
          },
          "end": {
            "line": 196,
            "column": 20
          }
        },
        "type": "cond-expr",
        "locations": [
          {
            "start": {
              "line": 191,
              "column": 15
            },
            "end": {
              "line": 195,
              "column": 17
            }
          },
          {
            "start": {
              "line": 196,
              "column": 15
            },
            "end": {
              "line": 196,
              "column": 20
            }
          }
        ],
        "line": 190
      },
      "17": {
        "loc": {
          "start": {
            "line": 199,
            "column": 18
          },
          "end": {
            "line": 199,
            "column": 82
          }
        },
        "type": "cond-expr",
        "locations": [
          {
            "start": {
              "line": 199,
              "column": 44
            },
            "end": {
              "line": 199,
              "column": 74
            }
          },
          {
            "start": {
              "line": 199,
              "column": 77
            },
            "end": {
              "line": 199,
              "column": 82
            }
          }
        ],
        "line": 199
      },
      "18": {
        "loc": {
          "start": {
            "line": 201,
            "column": 50
          },
          "end": {
            "line": 201,
            "column": 81
          }
        },
        "type": "binary-expr",
        "locations": [
          {
            "start": {
              "line": 201,
              "column": 50
            },
            "end": {
              "line": 201,
              "column": 72
            }
          },
          {
            "start": {
              "line": 201,
              "column": 76
            },
            "end": {
              "line": 201,
              "column": 81
            }
          }
        ],
        "line": 201
      },
      "19": {
        "loc": {
          "start": {
            "line": 203,
            "column": 18
          },
          "end": {
            "line": 203,
            "column": 52
          }
        },
        "type": "binary-expr",
        "locations": [
          {
            "start": {
              "line": 203,
              "column": 18
            },
            "end": {
              "line": 203,
              "column": 43
            }
          },
          {
            "start": {
              "line": 203,
              "column": 47
            },
            "end": {
              "line": 203,
              "column": 52
            }
          }
        ],
        "line": 203
      },
      "20": {
        "loc": {
          "start": {
            "line": 230,
            "column": 2
          },
          "end": {
            "line": 232,
            "column": 3
          }
        },
        "type": "if",
        "locations": [
          {
            "start": {
              "line": 230,
              "column": 2
            },
            "end": {
              "line": 232,
              "column": 3
            }
          },
          {
            "start": {},
            "end": {}
          }
        ],
        "line": 230
      },
      "21": {
        "loc": {
          "start": {
            "line": 233,
            "column": 2
          },
          "end": {
            "line": 239,
            "column": 3
          }
        },
        "type": "if",
        "locations": [
          {
            "start": {
              "line": 233,
              "column": 2
            },
            "end": {
              "line": 239,
              "column": 3
            }
          },
          {
            "start": {},
            "end": {}
          }
        ],
        "line": 233
      },
      "22": {
        "loc": {
          "start": {
            "line": 265,
            "column": 2
          },
          "end": {
            "line": 265,
            "column": 26
          }
        },
        "type": "if",
        "locations": [
          {
            "start": {
              "line": 265,
              "column": 2
            },
            "end": {
              "line": 265,
              "column": 26
            }
          },
          {
            "start": {},
            "end": {}
          }
        ],
        "line": 265
      },
      "23": {
        "loc": {
          "start": {
            "line": 279,
            "column": 33
          },
          "end": {
            "line": 279,
            "column": 101
          }
        },
        "type": "cond-expr",
        "locations": [
          {
            "start": {
              "line": 279,
              "column": 56
            },
            "end": {
              "line": 279,
              "column": 80
            }
          },
          {
            "start": {
              "line": 279,
              "column": 83
            },
            "end": {
              "line": 279,
              "column": 101
            }
          }
        ],
        "line": 279
      },
      "24": {
        "loc": {
          "start": {
            "line": 282,
            "column": 2
          },
          "end": {
            "line": 284,
            "column": 3
          }
        },
        "type": "if",
        "locations": [
          {
            "start": {
              "line": 282,
              "column": 2
            },
            "end": {
              "line": 284,
              "column": 3
            }
          },
          {
            "start": {},
            "end": {}
          }
        ],
        "line": 282
      },
      "25": {
        "loc": {
          "start": {
            "line": 292,
            "column": 8
          },
          "end": {
            "line": 293,
            "column": 104
          }
        },
        "type": "binary-expr",
        "locations": [
          {
            "start": {
              "line": 292,
              "column": 8
            },
            "end": {
              "line": 292,
              "column": 28
            }
          },
          {
            "start": {
              "line": 293,
              "column": 8
            },
            "end": {
              "line": 293,
              "column": 104
            }
          }
        ],
        "line": 292
      },
      "26": {
        "loc": {
          "start": {
            "line": 295,
            "column": 12
          },
          "end": {
            "line": 295,
            "column": 31
          }
        },
        "type": "binary-expr",
        "locations": [
          {
            "start": {
              "line": 295,
              "column": 12
            },
            "end": {
              "line": 295,
              "column": 22
            }
          },
          {
            "start": {
              "line": 295,
              "column": 26
            },
            "end": {
              "line": 295,
              "column": 31
            }
          }
        ],
        "line": 295
      },
      "27": {
        "loc": {
          "start": {
            "line": 299,
            "column": 61
          },
          "end": {
            "line": 299,
            "column": 80
          }
        },
        "type": "binary-expr",
        "locations": [
          {
            "start": {
              "line": 299,
              "column": 61
            },
            "end": {
              "line": 299,
              "column": 71
            }
          },
          {
            "start": {
              "line": 299,
              "column": 75
            },
            "end": {
              "line": 299,
              "column": 80
            }
          }
        ],
        "line": 299
      },
      "28": {
        "loc": {
          "start": {
            "line": 300,
            "column": 42
          },
          "end": {
            "line": 300,
            "column": 62
          }
        },
        "type": "binary-expr",
        "locations": [
          {
            "start": {
              "line": 300,
              "column": 42
            },
            "end": {
              "line": 300,
              "column": 53
            }
          },
          {
            "start": {
              "line": 300,
              "column": 57
            },
            "end": {
              "line": 300,
              "column": 62
            }
          }
        ],
        "line": 300
      },
      "29": {
        "loc": {
          "start": {
            "line": 303,
            "column": 9
          },
          "end": {
            "line": 309,
            "column": 16
          }
        },
        "type": "cond-expr",
        "locations": [
          {
            "start": {
              "line": 304,
              "column": 11
            },
            "end": {
              "line": 308,
              "column": 13
            }
          },
          {
            "start": {
              "line": 309,
              "column": 11
            },
            "end": {
              "line": 309,
              "column": 16
            }
          }
        ],
        "line": 303
      },
      "30": {
        "loc": {
          "start": {
            "line": 333,
            "column": 7
          },
          "end": {
            "line": 350,
            "column": 7
          }
        },
        "type": "binary-expr",
        "locations": [
          {
            "start": {
              "line": 333,
              "column": 7
            },
            "end": {
              "line": 333,
              "column": 11
            }
          },
          {
            "start": {
              "line": 334,
              "column": 7
            },
            "end": {
              "line": 349,
              "column": 13
            }
          }
        ],
        "line": 333
      },
      "31": {
        "loc": {
          "start": {
            "line": 338,
            "column": 10
          },
          "end": {
            "line": 338,
            "column": 90
          }
        },
        "type": "cond-expr",
        "locations": [
          {
            "start": {
              "line": 338,
              "column": 33
            },
            "end": {
              "line": 338,
              "column": 58
            }
          },
          {
            "start": {
              "line": 338,
              "column": 61
            },
            "end": {
              "line": 338,
              "column": 90
            }
          }
        ],
        "line": 338
      },
      "32": {
        "loc": {
          "start": {
            "line": 345,
            "column": 10
          },
          "end": {
            "line": 345,
            "column": 90
          }
        },
        "type": "cond-expr",
        "locations": [
          {
            "start": {
              "line": 345,
              "column": 33
            },
            "end": {
              "line": 345,
              "column": 58
            }
          },
          {
            "start": {
              "line": 345,
              "column": 61
            },
            "end": {
              "line": 345,
              "column": 90
            }
          }
        ],
        "line": 345
      }
    },
    "s": {
      "0": 79,
      "1": 66,
      "2": 66,
      "3": 66,
      "4": 66,
      "5": 66,
      "6": 66,
      "7": 66,
      "8": 66,
      "9": 66,
      "10": 66,
      "11": 66,
      "12": 66,
      "13": 66,
      "14": 66,
      "15": 13,
      "16": 13,
      "17": 13,
      "18": 13,
      "19": 13,
      "20": 13,
      "21": 13,
      "22": 13,
      "23": 0,
      "24": 13,
      "25": 66,
      "26": 26,
      "27": 13,
      "28": 13,
      "29": 13,
      "30": 13,
      "31": 13,
      "32": 0,
      "33": 13,
      "34": 13,
      "35": 0,
      "36": 13,
      "37": 66,
      "38": 13,
      "39": 66,
      "40": 13,
      "41": 66,
      "42": 792,
      "43": 66,
      "44": 6600,
      "45": 66,
      "46": 0,
      "47": 0,
      "48": 0,
      "49": 66,
      "50": 0,
      "51": 0,
      "52": 0,
      "53": 66,
      "54": 0,
      "55": 0,
      "56": 66,
      "57": 0,
      "58": 0,
      "59": 0,
      "60": 0,
      "61": 0,
      "62": 0,
      "63": 0,
      "64": 0,
      "65": 66,
      "66": 0,
      "67": 0,
      "68": 66,
      "69": 59,
      "70": 0,
      "71": 0,
      "72": 0,
      "73": 0,
      "74": 0,
      "75": 0,
      "76": 0,
      "77": 0,
      "78": 0,
      "79": 66,
      "80": 7,
      "81": 0,
      "82": 7,
      "83": 7,
      "84": 0,
      "85": 0,
      "86": 0,
      "87": 0,
      "88": 66,
      "89": 46,
      "90": 46,
      "91": 0,
      "92": 0,
      "93": 66,
      "94": 66,
      "95": 66,
      "96": 66,
      "97": 39,
      "98": 27,
      "99": 66,
      "100": 0,
      "101": 7,
      "102": 7,
      "103": 0
    },
    "f": {
      "0": 79,
      "1": 13,
      "2": 26,
      "3": 0,
      "4": 13,
      "5": 13,
      "6": 792,
      "7": 6600,
      "8": 0,
      "9": 0,
      "10": 0,
      "11": 0,
      "12": 0,
      "13": 0,
      "14": 0,
      "15": 0,
      "16": 59,
      "17": 0,
      "18": 0,
      "19": 0,
      "20": 0,
      "21": 0,
      "22": 0,
      "23": 0,
      "24": 0,
      "25": 7,
      "26": 0,
      "27": 0,
      "28": 0,
      "29": 46,
      "30": 0,
      "31": 66,
      "32": 66,
      "33": 0,
      "34": 7,
      "35": 7,
      "36": 0
    },
    "b": {
      "0": [
        13,
        0
      ],
      "1": [
        13,
        13
      ],
      "2": [
        26,
        26,
        13
      ],
      "3": [
        13,
        0
      ],
      "4": [
        0,
        0
      ],
      "5": [
        0,
        0
      ],
      "6": [
        0,
        0,
        0,
        0
      ],
      "7": [
        0,
        0
      ],
      "8": [
        39,
        20
      ],
      "9": [
        59,
        59
      ],
      "10": [
        20,
        20
      ],
      "11": [
        20,
        0
      ],
      "12": [
        0,
        0
      ],
      "13": [
        0,
        0
      ],
      "14": [
        0,
        0
      ],
      "15": [
        20,
        0
      ],
      "16": [
        0,
        0
      ],
      "17": [
        0,
        0
      ],
      "18": [
        0,
        0
      ],
      "19": [
        0,
        0
      ],
      "20": [
        0,
        7
      ],
      "21": [
        7,
        0
      ],
      "22": [
        46,
        0
      ],
      "23": [
        59,
        7
      ],
      "24": [
        39,
        27
      ],
      "25": [
        27,
        27
      ],
      "26": [
        27,
        0
      ],
      "27": [
        27,
        0
      ],
      "28": [
        27,
        0
      ],
      "29": [
        27,
        0
      ],
      "30": [
        66,
        27
      ],
      "31": [
        20,
        7
      ],
      "32": [
        7,
        20
      ]
    },
    "_coverageSchema": "1a1c01bbd47fc00a2c39e90264f33305004495a9",
    "hash": "e46c93fab90dcc3c177ff981545e093f00c59f8e"
  },
  "/Users/apple/Documents/Kashif-Github/Nailbiting-Admin/src/app/auth/register/success/page.js": {
    "path": "/Users/apple/Documents/Kashif-Github/Nailbiting-Admin/src/app/auth/register/success/page.js",
    "statementMap": {
      "0": {
        "start": {
          "line": 7,
          "column": 17
        },
        "end": {
          "line": 7,
          "column": 28
        }
      },
      "1": {
        "start": {
          "line": 9,
          "column": 2
        },
        "end": {
          "line": 103,
          "column": 4
        }
      },
      "2": {
        "start": {
          "line": 95,
          "column": 41
        },
        "end": {
          "line": 95,
          "column": 67
        }
      }
    },
    "fnMap": {
      "0": {
        "name": "PasswordResetSuccess",
        "decl": {
          "start": {
            "line": 6,
            "column": 24
          },
          "end": {
            "line": 6,
            "column": 44
          }
        },
        "loc": {
          "start": {
            "line": 6,
            "column": 47
          },
          "end": {
            "line": 104,
            "column": 1
          }
        },
        "line": 6
      },
      "1": {
        "name": "(anonymous_1)",
        "decl": {
          "start": {
            "line": 95,
            "column": 35
          },
          "end": {
            "line": 95,
            "column": 36
          }
        },
        "loc": {
          "start": {
            "line": 95,
            "column": 41
          },
          "end": {
            "line": 95,
            "column": 67
          }
        },
        "line": 95
      }
    },
    "branchMap": {},
    "s": {
      "0": 7,
      "1": 7,
      "2": 0
    },
    "f": {
      "0": 7,
      "1": 0
    },
    "b": {},
    "_coverageSchema": "1a1c01bbd47fc00a2c39e90264f33305004495a9",
    "hash": "001bd1d3541272e583ad959dcd0c72e69104c69c"
  }
}