{
  "/Users/apple/Documents/Kashif-Github/Nailbiting-Admin/src/context/AuthContext.js": {
    "path": "/Users/apple/Documents/Kashif-Github/Nailbiting-Admin/src/context/AuthContext.js",
    "statementMap": {
      "0": {
        "start": {
          "line": 5,
          "column": 20
        },
        "end": {
          "line": 5,
          "column": 35
        }
      },
      "1": {
        "start": {
          "line": 7,
          "column": 28
        },
        "end": {
          "line": 35,
          "column": 1
        }
      },
      "2": {
        "start": {
          "line": 8,
          "column": 47
        },
        "end": {
          "line": 8,
          "column": 62
        }
      },
      "3": {
        "start": {
          "line": 9,
          "column": 16
        },
        "end": {
          "line": 9,
          "column": 27
        }
      },
      "4": {
        "start": {
          "line": 11,
          "column": 1
        },
        "end": {
          "line": 19,
          "column": 7
        }
      },
      "5": {
        "start": {
          "line": 12,
          "column": 22
        },
        "end": {
          "line": 12,
          "column": 57
        }
      },
      "6": {
        "start": {
          "line": 13,
          "column": 2
        },
        "end": {
          "line": 18,
          "column": 3
        }
      },
      "7": {
        "start": {
          "line": 14,
          "column": 3
        },
        "end": {
          "line": 14,
          "column": 27
        }
      },
      "8": {
        "start": {
          "line": 16,
          "column": 3
        },
        "end": {
          "line": 16,
          "column": 28
        }
      },
      "9": {
        "start": {
          "line": 17,
          "column": 3
        },
        "end": {
          "line": 17,
          "column": 32
        }
      },
      "10": {
        "start": {
          "line": 21,
          "column": 15
        },
        "end": {
          "line": 26,
          "column": 2
        }
      },
      "11": {
        "start": {
          "line": 22,
          "column": 2
        },
        "end": {
          "line": 22,
          "column": 44
        }
      },
      "12": {
        "start": {
          "line": 23,
          "column": 2
        },
        "end": {
          "line": 23,
          "column": 52
        }
      },
      "13": {
        "start": {
          "line": 24,
          "column": 2
        },
        "end": {
          "line": 24,
          "column": 26
        }
      },
      "14": {
        "start": {
          "line": 25,
          "column": 2
        },
        "end": {
          "line": 25,
          "column": 18
        }
      },
      "15": {
        "start": {
          "line": 28,
          "column": 16
        },
        "end": {
          "line": 32,
          "column": 2
        }
      },
      "16": {
        "start": {
          "line": 29,
          "column": 2
        },
        "end": {
          "line": 29,
          "column": 40
        }
      },
      "17": {
        "start": {
          "line": 30,
          "column": 2
        },
        "end": {
          "line": 30,
          "column": 27
        }
      },
      "18": {
        "start": {
          "line": 31,
          "column": 2
        },
        "end": {
          "line": 31,
          "column": 28
        }
      },
      "19": {
        "start": {
          "line": 34,
          "column": 1
        },
        "end": {
          "line": 34,
          "column": 106
        }
      },
      "20": {
        "start": {
          "line": 37,
          "column": 23
        },
        "end": {
          "line": 37,
          "column": 52
        }
      },
      "21": {
        "start": {
          "line": 37,
          "column": 29
        },
        "end": {
          "line": 37,
          "column": 52
        }
      }
    },
    "fnMap": {
      "0": {
        "name": "(anonymous_0)",
        "decl": {
          "start": {
            "line": 7,
            "column": 28
          },
          "end": {
            "line": 7,
            "column": 29
          }
        },
        "loc": {
          "start": {
            "line": 7,
            "column": 46
          },
          "end": {
            "line": 35,
            "column": 1
          }
        },
        "line": 7
      },
      "1": {
        "name": "(anonymous_1)",
        "decl": {
          "start": {
            "line": 11,
            "column": 11
          },
          "end": {
            "line": 11,
            "column": 12
          }
        },
        "loc": {
          "start": {
            "line": 11,
            "column": 17
          },
          "end": {
            "line": 19,
            "column": 2
          }
        },
        "line": 11
      },
      "2": {
        "name": "(anonymous_2)",
        "decl": {
          "start": {
            "line": 21,
            "column": 15
          },
          "end": {
            "line": 21,
            "column": 16
          }
        },
        "loc": {
          "start": {
            "line": 21,
            "column": 40
          },
          "end": {
            "line": 26,
            "column": 2
          }
        },
        "line": 21
      },
      "3": {
        "name": "(anonymous_3)",
        "decl": {
          "start": {
            "line": 28,
            "column": 16
          },
          "end": {
            "line": 28,
            "column": 17
          }
        },
        "loc": {
          "start": {
            "line": 28,
            "column": 22
          },
          "end": {
            "line": 32,
            "column": 2
          }
        },
        "line": 28
      },
      "4": {
        "name": "(anonymous_4)",
        "decl": {
          "start": {
            "line": 37,
            "column": 23
          },
          "end": {
            "line": 37,
            "column": 24
          }
        },
        "loc": {
          "start": {
            "line": 37,
            "column": 29
          },
          "end": {
            "line": 37,
            "column": 52
          }
        },
        "line": 37
      }
    },
    "branchMap": {
      "0": {
        "loc": {
          "start": {
            "line": 13,
            "column": 2
          },
          "end": {
            "line": 18,
            "column": 3
          }
        },
        "type": "if",
        "locations": [
          {
            "start": {
              "line": 13,
              "column": 2
            },
            "end": {
              "line": 18,
              "column": 3
            }
          },
          {
            "start": {
              "line": 15,
              "column": 9
            },
            "end": {
              "line": 18,
              "column": 3
            }
          }
        ],
        "line": 13
      }
    },
    "s": {
      "0": 124,
      "1": 124,
      "2": 174,
      "3": 174,
      "4": 174,
      "5": 120,
      "6": 120,
      "7": 18,
      "8": 102,
      "9": 102,
      "10": 174,
      "11": 33,
      "12": 33,
      "13": 33,
      "14": 33,
      "15": 174,
      "16": 0,
      "17": 0,
      "18": 0,
      "19": 174,
      "20": 124,
      "21": 291
    },
    "f": {
      "0": 174,
      "1": 120,
      "2": 33,
      "3": 0,
      "4": 291
    },
    "b": {
      "0": [
        18,
        102
      ]
    },
    "_coverageSchema": "1a1c01bbd47fc00a2c39e90264f33305004495a9",
    "hash": "42fc7b14eb403cb94cbc2e4c4b6dea49150f2745"
  },
  "/Users/apple/Documents/Kashif-Github/Nailbiting-Admin/src/components/Splash.js": {
    "path": "/Users/apple/Documents/Kashif-Github/Nailbiting-Admin/src/components/Splash.js",
    "statementMap": {
      "0": {
        "start": {
          "line": 1,
          "column": 15
        },
        "end": {
          "line": 7,
          "column": 1
        }
      },
      "1": {
        "start": {
          "line": 2,
          "column": 1
        },
        "end": {
          "line": 6,
          "column": 2
        }
      }
    },
    "fnMap": {
      "0": {
        "name": "(anonymous_0)",
        "decl": {
          "start": {
            "line": 1,
            "column": 15
          },
          "end": {
            "line": 1,
            "column": 16
          }
        },
        "loc": {
          "start": {
            "line": 1,
            "column": 21
          },
          "end": {
            "line": 7,
            "column": 1
          }
        },
        "line": 1
      }
    },
    "branchMap": {},
    "s": {
      "0": 124,
      "1": 154
    },
    "f": {
      "0": 154
    },
    "b": {},
    "_coverageSchema": "1a1c01bbd47fc00a2c39e90264f33305004495a9",
    "hash": "48113838390466e570e3e837bbb928c39ddcfeb9"
  },
  "/Users/apple/Documents/Kashif-Github/Nailbiting-Admin/public/svgs/components/usersIcon.js": {
    "path": "/Users/apple/Documents/Kashif-Github/Nailbiting-Admin/public/svgs/components/usersIcon.js",
    "statementMap": {
      "0": {
        "start": {
          "line": 3,
          "column": 18
        },
        "end": {
          "line": 7,
          "column": 1
        }
      },
      "1": {
        "start": {
          "line": 4,
          "column": 4
        },
        "end": {
          "line": 6,
          "column": 10
        }
      }
    },
    "fnMap": {
      "0": {
        "name": "(anonymous_0)",
        "decl": {
          "start": {
            "line": 3,
            "column": 18
          },
          "end": {
            "line": 3,
            "column": 19
          }
        },
        "loc": {
          "start": {
            "line": 4,
            "column": 4
          },
          "end": {
            "line": 6,
            "column": 10
          }
        },
        "line": 4
      }
    },
    "branchMap": {
      "0": {
        "loc": {
          "start": {
            "line": 3,
            "column": 21
          },
          "end": {
            "line": 3,
            "column": 31
          }
        },
        "type": "default-arg",
        "locations": [
          {
            "start": {
              "line": 3,
              "column": 29
            },
            "end": {
              "line": 3,
              "column": 31
            }
          }
        ],
        "line": 3
      },
      "1": {
        "loc": {
          "start": {
            "line": 3,
            "column": 33
          },
          "end": {
            "line": 3,
            "column": 44
          }
        },
        "type": "default-arg",
        "locations": [
          {
            "start": {
              "line": 3,
              "column": 42
            },
            "end": {
              "line": 3,
              "column": 44
            }
          }
        ],
        "line": 3
      },
      "2": {
        "loc": {
          "start": {
            "line": 3,
            "column": 46
          },
          "end": {
            "line": 3,
            "column": 59
          }
        },
        "type": "default-arg",
        "locations": [
          {
            "start": {
              "line": 3,
              "column": 53
            },
            "end": {
              "line": 3,
              "column": 59
            }
          }
        ],
        "line": 3
      },
      "3": {
        "loc": {
          "start": {
            "line": 3,
            "column": 61
          },
          "end": {
            "line": 3,
            "column": 79
          }
        },
        "type": "default-arg",
        "locations": [
          {
            "start": {
              "line": 3,
              "column": 70
            },
            "end": {
              "line": 3,
              "column": 79
            }
          }
        ],
        "line": 3
      },
      "4": {
        "loc": {
          "start": {
            "line": 3,
            "column": 81
          },
          "end": {
            "line": 3,
            "column": 96
          }
        },
        "type": "default-arg",
        "locations": [
          {
            "start": {
              "line": 3,
              "column": 95
            },
            "end": {
              "line": 3,
              "column": 96
            }
          }
        ],
        "line": 3
      }
    },
    "s": {
      "0": 58,
      "1": 107
    },
    "f": {
      "0": 107
    },
    "b": {
      "0": [
        0
      ],
      "1": [
        0
      ],
      "2": [
        107
      ],
      "3": [
        0
      ],
      "4": [
        107
      ]
    },
    "_coverageSchema": "1a1c01bbd47fc00a2c39e90264f33305004495a9",
    "hash": "52279a1d75fa32aff2d90b50091082d273c38d1f"
  },
  "/Users/apple/Documents/Kashif-Github/Nailbiting-Admin/public/svgs/components/VideosIcon.js": {
    "path": "/Users/apple/Documents/Kashif-Github/Nailbiting-Admin/public/svgs/components/VideosIcon.js",
    "statementMap": {
      "0": {
        "start": {
          "line": 3,
          "column": 19
        },
        "end": {
          "line": 9,
          "column": 1
        }
      },
      "1": {
        "start": {
          "line": 4,
          "column": 4
        },
        "end": {
          "line": 7,
          "column": 10
        }
      }
    },
    "fnMap": {
      "0": {
        "name": "(anonymous_0)",
        "decl": {
          "start": {
            "line": 3,
            "column": 19
          },
          "end": {
            "line": 3,
            "column": 20
          }
        },
        "loc": {
          "start": {
            "line": 4,
            "column": 4
          },
          "end": {
            "line": 7,
            "column": 10
          }
        },
        "line": 4
      }
    },
    "branchMap": {
      "0": {
        "loc": {
          "start": {
            "line": 3,
            "column": 22
          },
          "end": {
            "line": 3,
            "column": 32
          }
        },
        "type": "default-arg",
        "locations": [
          {
            "start": {
              "line": 3,
              "column": 30
            },
            "end": {
              "line": 3,
              "column": 32
            }
          }
        ],
        "line": 3
      },
      "1": {
        "loc": {
          "start": {
            "line": 3,
            "column": 34
          },
          "end": {
            "line": 3,
            "column": 45
          }
        },
        "type": "default-arg",
        "locations": [
          {
            "start": {
              "line": 3,
              "column": 43
            },
            "end": {
              "line": 3,
              "column": 45
            }
          }
        ],
        "line": 3
      },
      "2": {
        "loc": {
          "start": {
            "line": 3,
            "column": 47
          },
          "end": {
            "line": 3,
            "column": 60
          }
        },
        "type": "default-arg",
        "locations": [
          {
            "start": {
              "line": 3,
              "column": 54
            },
            "end": {
              "line": 3,
              "column": 60
            }
          }
        ],
        "line": 3
      },
      "3": {
        "loc": {
          "start": {
            "line": 3,
            "column": 62
          },
          "end": {
            "line": 3,
            "column": 80
          }
        },
        "type": "default-arg",
        "locations": [
          {
            "start": {
              "line": 3,
              "column": 71
            },
            "end": {
              "line": 3,
              "column": 80
            }
          }
        ],
        "line": 3
      },
      "4": {
        "loc": {
          "start": {
            "line": 3,
            "column": 82
          },
          "end": {
            "line": 3,
            "column": 97
          }
        },
        "type": "default-arg",
        "locations": [
          {
            "start": {
              "line": 3,
              "column": 96
            },
            "end": {
              "line": 3,
              "column": 97
            }
          }
        ],
        "line": 3
      }
    },
    "s": {
      "0": 58,
      "1": 107
    },
    "f": {
      "0": 107
    },
    "b": {
      "0": [
        0
      ],
      "1": [
        0
      ],
      "2": [
        107
      ],
      "3": [
        0
      ],
      "4": [
        107
      ]
    },
    "_coverageSchema": "1a1c01bbd47fc00a2c39e90264f33305004495a9",
    "hash": "ee9d25befcb6aa6ffa854ec887d520de1f90be6d"
  },
  "/Users/apple/Documents/Kashif-Github/Nailbiting-Admin/public/svgs/components/NewsIcon.js": {
    "path": "/Users/apple/Documents/Kashif-Github/Nailbiting-Admin/public/svgs/components/NewsIcon.js",
    "statementMap": {
      "0": {
        "start": {
          "line": 3,
          "column": 17
        },
        "end": {
          "line": 9,
          "column": 1
        }
      },
      "1": {
        "start": {
          "line": 4,
          "column": 4
        },
        "end": {
          "line": 6,
          "column": 10
        }
      }
    },
    "fnMap": {
      "0": {
        "name": "(anonymous_0)",
        "decl": {
          "start": {
            "line": 3,
            "column": 17
          },
          "end": {
            "line": 3,
            "column": 18
          }
        },
        "loc": {
          "start": {
            "line": 4,
            "column": 4
          },
          "end": {
            "line": 6,
            "column": 10
          }
        },
        "line": 4
      }
    },
    "branchMap": {
      "0": {
        "loc": {
          "start": {
            "line": 3,
            "column": 20
          },
          "end": {
            "line": 3,
            "column": 30
          }
        },
        "type": "default-arg",
        "locations": [
          {
            "start": {
              "line": 3,
              "column": 28
            },
            "end": {
              "line": 3,
              "column": 30
            }
          }
        ],
        "line": 3
      },
      "1": {
        "loc": {
          "start": {
            "line": 3,
            "column": 32
          },
          "end": {
            "line": 3,
            "column": 43
          }
        },
        "type": "default-arg",
        "locations": [
          {
            "start": {
              "line": 3,
              "column": 41
            },
            "end": {
              "line": 3,
              "column": 43
            }
          }
        ],
        "line": 3
      },
      "2": {
        "loc": {
          "start": {
            "line": 3,
            "column": 45
          },
          "end": {
            "line": 3,
            "column": 58
          }
        },
        "type": "default-arg",
        "locations": [
          {
            "start": {
              "line": 3,
              "column": 52
            },
            "end": {
              "line": 3,
              "column": 58
            }
          }
        ],
        "line": 3
      },
      "3": {
        "loc": {
          "start": {
            "line": 3,
            "column": 60
          },
          "end": {
            "line": 3,
            "column": 78
          }
        },
        "type": "default-arg",
        "locations": [
          {
            "start": {
              "line": 3,
              "column": 69
            },
            "end": {
              "line": 3,
              "column": 78
            }
          }
        ],
        "line": 3
      },
      "4": {
        "loc": {
          "start": {
            "line": 3,
            "column": 80
          },
          "end": {
            "line": 3,
            "column": 95
          }
        },
        "type": "default-arg",
        "locations": [
          {
            "start": {
              "line": 3,
              "column": 94
            },
            "end": {
              "line": 3,
              "column": 95
            }
          }
        ],
        "line": 3
      }
    },
    "s": {
      "0": 58,
      "1": 107
    },
    "f": {
      "0": 107
    },
    "b": {
      "0": [
        0
      ],
      "1": [
        0
      ],
      "2": [
        107
      ],
      "3": [
        0
      ],
      "4": [
        107
      ]
    },
    "_coverageSchema": "1a1c01bbd47fc00a2c39e90264f33305004495a9",
    "hash": "74db03213416dccb3bce0fcd8514e083e40e4d42"
  },
  "/Users/apple/Documents/Kashif-Github/Nailbiting-Admin/public/svgs/components/SettingsIcon.js": {
    "path": "/Users/apple/Documents/Kashif-Github/Nailbiting-Admin/public/svgs/components/SettingsIcon.js",
    "statementMap": {
      "0": {
        "start": {
          "line": 3,
          "column": 21
        },
        "end": {
          "line": 11,
          "column": 1
        }
      },
      "1": {
        "start": {
          "line": 4,
          "column": 4
        },
        "end": {
          "line": 7,
          "column": 10
        }
      }
    },
    "fnMap": {
      "0": {
        "name": "(anonymous_0)",
        "decl": {
          "start": {
            "line": 3,
            "column": 21
          },
          "end": {
            "line": 3,
            "column": 22
          }
        },
        "loc": {
          "start": {
            "line": 4,
            "column": 4
          },
          "end": {
            "line": 7,
            "column": 10
          }
        },
        "line": 4
      }
    },
    "branchMap": {
      "0": {
        "loc": {
          "start": {
            "line": 3,
            "column": 24
          },
          "end": {
            "line": 3,
            "column": 34
          }
        },
        "type": "default-arg",
        "locations": [
          {
            "start": {
              "line": 3,
              "column": 32
            },
            "end": {
              "line": 3,
              "column": 34
            }
          }
        ],
        "line": 3
      },
      "1": {
        "loc": {
          "start": {
            "line": 3,
            "column": 36
          },
          "end": {
            "line": 3,
            "column": 47
          }
        },
        "type": "default-arg",
        "locations": [
          {
            "start": {
              "line": 3,
              "column": 45
            },
            "end": {
              "line": 3,
              "column": 47
            }
          }
        ],
        "line": 3
      },
      "2": {
        "loc": {
          "start": {
            "line": 3,
            "column": 49
          },
          "end": {
            "line": 3,
            "column": 62
          }
        },
        "type": "default-arg",
        "locations": [
          {
            "start": {
              "line": 3,
              "column": 56
            },
            "end": {
              "line": 3,
              "column": 62
            }
          }
        ],
        "line": 3
      },
      "3": {
        "loc": {
          "start": {
            "line": 3,
            "column": 64
          },
          "end": {
            "line": 3,
            "column": 82
          }
        },
        "type": "default-arg",
        "locations": [
          {
            "start": {
              "line": 3,
              "column": 73
            },
            "end": {
              "line": 3,
              "column": 82
            }
          }
        ],
        "line": 3
      },
      "4": {
        "loc": {
          "start": {
            "line": 3,
            "column": 84
          },
          "end": {
            "line": 3,
            "column": 99
          }
        },
        "type": "default-arg",
        "locations": [
          {
            "start": {
              "line": 3,
              "column": 98
            },
            "end": {
              "line": 3,
              "column": 99
            }
          }
        ],
        "line": 3
      }
    },
    "s": {
      "0": 58,
      "1": 107
    },
    "f": {
      "0": 107
    },
    "b": {
      "0": [
        0
      ],
      "1": [
        0
      ],
      "2": [
        107
      ],
      "3": [
        0
      ],
      "4": [
        107
      ]
    },
    "_coverageSchema": "1a1c01bbd47fc00a2c39e90264f33305004495a9",
    "hash": "e0af332dbeedf23f7193feef5f43f8a2dbb3ac46"
  },
  "/Users/apple/Documents/Kashif-Github/Nailbiting-Admin/public/svgs/components/LogoutIcon.js": {
    "path": "/Users/apple/Documents/Kashif-Github/Nailbiting-Admin/public/svgs/components/LogoutIcon.js",
    "statementMap": {
      "0": {
        "start": {
          "line": 3,
          "column": 19
        },
        "end": {
          "line": 10,
          "column": 1
        }
      },
      "1": {
        "start": {
          "line": 4,
          "column": 4
        },
        "end": {
          "line": 6,
          "column": 10
        }
      }
    },
    "fnMap": {
      "0": {
        "name": "(anonymous_0)",
        "decl": {
          "start": {
            "line": 3,
            "column": 19
          },
          "end": {
            "line": 3,
            "column": 20
          }
        },
        "loc": {
          "start": {
            "line": 4,
            "column": 4
          },
          "end": {
            "line": 6,
            "column": 10
          }
        },
        "line": 4
      }
    },
    "branchMap": {
      "0": {
        "loc": {
          "start": {
            "line": 3,
            "column": 22
          },
          "end": {
            "line": 3,
            "column": 32
          }
        },
        "type": "default-arg",
        "locations": [
          {
            "start": {
              "line": 3,
              "column": 30
            },
            "end": {
              "line": 3,
              "column": 32
            }
          }
        ],
        "line": 3
      },
      "1": {
        "loc": {
          "start": {
            "line": 3,
            "column": 34
          },
          "end": {
            "line": 3,
            "column": 45
          }
        },
        "type": "default-arg",
        "locations": [
          {
            "start": {
              "line": 3,
              "column": 43
            },
            "end": {
              "line": 3,
              "column": 45
            }
          }
        ],
        "line": 3
      },
      "2": {
        "loc": {
          "start": {
            "line": 3,
            "column": 47
          },
          "end": {
            "line": 3,
            "column": 60
          }
        },
        "type": "default-arg",
        "locations": [
          {
            "start": {
              "line": 3,
              "column": 54
            },
            "end": {
              "line": 3,
              "column": 60
            }
          }
        ],
        "line": 3
      },
      "3": {
        "loc": {
          "start": {
            "line": 3,
            "column": 62
          },
          "end": {
            "line": 3,
            "column": 80
          }
        },
        "type": "default-arg",
        "locations": [
          {
            "start": {
              "line": 3,
              "column": 71
            },
            "end": {
              "line": 3,
              "column": 80
            }
          }
        ],
        "line": 3
      },
      "4": {
        "loc": {
          "start": {
            "line": 3,
            "column": 82
          },
          "end": {
            "line": 3,
            "column": 97
          }
        },
        "type": "default-arg",
        "locations": [
          {
            "start": {
              "line": 3,
              "column": 96
            },
            "end": {
              "line": 3,
              "column": 97
            }
          }
        ],
        "line": 3
      }
    },
    "s": {
      "0": 58,
      "1": 107
    },
    "f": {
      "0": 107
    },
    "b": {
      "0": [
        0
      ],
      "1": [
        0
      ],
      "2": [
        107
      ],
      "3": [
        0
      ],
      "4": [
        107
      ]
    },
    "_coverageSchema": "1a1c01bbd47fc00a2c39e90264f33305004495a9",
    "hash": "8da9ca86927cede79f4ad139fd3e3c0c66105194"
  },
  "/Users/apple/Documents/Kashif-Github/Nailbiting-Admin/src/components/shared/Sidebar.js": {
    "path": "/Users/apple/Documents/Kashif-Github/Nailbiting-Admin/src/components/shared/Sidebar.js",
    "statementMap": {
      "0": {
        "start": {
          "line": 14,
          "column": 30
        },
        "end": {
          "line": 14,
          "column": 44
        }
      },
      "1": {
        "start": {
          "line": 15,
          "column": 21
        },
        "end": {
          "line": 15,
          "column": 33
        }
      },
      "2": {
        "start": {
          "line": 16,
          "column": 19
        },
        "end": {
          "line": 16,
          "column": 32
        }
      },
      "3": {
        "start": {
          "line": 17,
          "column": 21
        },
        "end": {
          "line": 17,
          "column": 30
        }
      },
      "4": {
        "start": {
          "line": 19,
          "column": 2
        },
        "end": {
          "line": 47,
          "column": 9
        }
      },
      "5": {
        "start": {
          "line": 20,
          "column": 25
        },
        "end": {
          "line": 26,
          "column": 5
        }
      },
      "6": {
        "start": {
          "line": 21,
          "column": 6
        },
        "end": {
          "line": 25,
          "column": 7
        }
      },
      "7": {
        "start": {
          "line": 22,
          "column": 8
        },
        "end": {
          "line": 22,
          "column": 25
        }
      },
      "8": {
        "start": {
          "line": 24,
          "column": 8
        },
        "end": {
          "line": 24,
          "column": 24
        }
      },
      "9": {
        "start": {
          "line": 28,
          "column": 31
        },
        "end": {
          "line": 36,
          "column": 5
        }
      },
      "10": {
        "start": {
          "line": 29,
          "column": 6
        },
        "end": {
          "line": 35,
          "column": 7
        }
      },
      "11": {
        "start": {
          "line": 34,
          "column": 8
        },
        "end": {
          "line": 34,
          "column": 25
        }
      },
      "12": {
        "start": {
          "line": 38,
          "column": 4
        },
        "end": {
          "line": 38,
          "column": 52
        }
      },
      "13": {
        "start": {
          "line": 39,
          "column": 4
        },
        "end": {
          "line": 39,
          "column": 63
        }
      },
      "14": {
        "start": {
          "line": 41,
          "column": 4
        },
        "end": {
          "line": 41,
          "column": 19
        }
      },
      "15": {
        "start": {
          "line": 43,
          "column": 4
        },
        "end": {
          "line": 46,
          "column": 6
        }
      },
      "16": {
        "start": {
          "line": 44,
          "column": 6
        },
        "end": {
          "line": 44,
          "column": 57
        }
      },
      "17": {
        "start": {
          "line": 45,
          "column": 6
        },
        "end": {
          "line": 45,
          "column": 68
        }
      },
      "18": {
        "start": {
          "line": 49,
          "column": 24
        },
        "end": {
          "line": 51,
          "column": 3
        }
      },
      "19": {
        "start": {
          "line": 50,
          "column": 4
        },
        "end": {
          "line": 50,
          "column": 23
        }
      },
      "20": {
        "start": {
          "line": 53,
          "column": 19
        },
        "end": {
          "line": 87,
          "column": 3
        }
      },
      "21": {
        "start": {
          "line": 88,
          "column": 20
        },
        "end": {
          "line": 112,
          "column": 3
        }
      },
      "22": {
        "start": {
          "line": 114,
          "column": 2
        },
        "end": {
          "line": 239,
          "column": 4
        }
      },
      "23": {
        "start": {
          "line": 191,
          "column": 14
        },
        "end": {
          "line": 208,
          "column": 21
        }
      },
      "24": {
        "start": {
          "line": 200,
          "column": 20
        },
        "end": {
          "line": 202,
          "column": 21
        }
      },
      "25": {
        "start": {
          "line": 201,
          "column": 22
        },
        "end": {
          "line": 201,
          "column": 38
        }
      },
      "26": {
        "start": {
          "line": 213,
          "column": 14
        },
        "end": {
          "line": 233,
          "column": 21
        }
      },
      "27": {
        "start": {
          "line": 222,
          "column": 20
        },
        "end": {
          "line": 224,
          "column": 21
        }
      },
      "28": {
        "start": {
          "line": 223,
          "column": 22
        },
        "end": {
          "line": 223,
          "column": 36
        }
      },
      "29": {
        "start": {
          "line": 225,
          "column": 20
        },
        "end": {
          "line": 227,
          "column": 21
        }
      },
      "30": {
        "start": {
          "line": 226,
          "column": 22
        },
        "end": {
          "line": 226,
          "column": 38
        }
      }
    },
    "fnMap": {
      "0": {
        "name": "Sidebar",
        "decl": {
          "start": {
            "line": 13,
            "column": 24
          },
          "end": {
            "line": 13,
            "column": 31
          }
        },
        "loc": {
          "start": {
            "line": 13,
            "column": 34
          },
          "end": {
            "line": 240,
            "column": 1
          }
        },
        "line": 13
      },
      "1": {
        "name": "(anonymous_1)",
        "decl": {
          "start": {
            "line": 19,
            "column": 12
          },
          "end": {
            "line": 19,
            "column": 13
          }
        },
        "loc": {
          "start": {
            "line": 19,
            "column": 18
          },
          "end": {
            "line": 47,
            "column": 3
          }
        },
        "line": 19
      },
      "2": {
        "name": "(anonymous_2)",
        "decl": {
          "start": {
            "line": 20,
            "column": 25
          },
          "end": {
            "line": 20,
            "column": 26
          }
        },
        "loc": {
          "start": {
            "line": 20,
            "column": 31
          },
          "end": {
            "line": 26,
            "column": 5
          }
        },
        "line": 20
      },
      "3": {
        "name": "(anonymous_3)",
        "decl": {
          "start": {
            "line": 28,
            "column": 31
          },
          "end": {
            "line": 28,
            "column": 32
          }
        },
        "loc": {
          "start": {
            "line": 28,
            "column": 42
          },
          "end": {
            "line": 36,
            "column": 5
          }
        },
        "line": 28
      },
      "4": {
        "name": "(anonymous_4)",
        "decl": {
          "start": {
            "line": 43,
            "column": 11
          },
          "end": {
            "line": 43,
            "column": 12
          }
        },
        "loc": {
          "start": {
            "line": 43,
            "column": 17
          },
          "end": {
            "line": 46,
            "column": 5
          }
        },
        "line": 43
      },
      "5": {
        "name": "(anonymous_5)",
        "decl": {
          "start": {
            "line": 49,
            "column": 24
          },
          "end": {
            "line": 49,
            "column": 25
          }
        },
        "loc": {
          "start": {
            "line": 49,
            "column": 30
          },
          "end": {
            "line": 51,
            "column": 3
          }
        },
        "line": 49
      },
      "6": {
        "name": "(anonymous_6)",
        "decl": {
          "start": {
            "line": 190,
            "column": 26
          },
          "end": {
            "line": 190,
            "column": 27
          }
        },
        "loc": {
          "start": {
            "line": 191,
            "column": 14
          },
          "end": {
            "line": 208,
            "column": 21
          }
        },
        "line": 191
      },
      "7": {
        "name": "(anonymous_7)",
        "decl": {
          "start": {
            "line": 199,
            "column": 27
          },
          "end": {
            "line": 199,
            "column": 28
          }
        },
        "loc": {
          "start": {
            "line": 199,
            "column": 33
          },
          "end": {
            "line": 203,
            "column": 19
          }
        },
        "line": 199
      },
      "8": {
        "name": "(anonymous_8)",
        "decl": {
          "start": {
            "line": 212,
            "column": 27
          },
          "end": {
            "line": 212,
            "column": 28
          }
        },
        "loc": {
          "start": {
            "line": 213,
            "column": 14
          },
          "end": {
            "line": 233,
            "column": 21
          }
        },
        "line": 213
      },
      "9": {
        "name": "(anonymous_9)",
        "decl": {
          "start": {
            "line": 221,
            "column": 27
          },
          "end": {
            "line": 221,
            "column": 28
          }
        },
        "loc": {
          "start": {
            "line": 221,
            "column": 33
          },
          "end": {
            "line": 228,
            "column": 19
          }
        },
        "line": 221
      }
    },
    "branchMap": {
      "0": {
        "loc": {
          "start": {
            "line": 21,
            "column": 6
          },
          "end": {
            "line": 25,
            "column": 7
          }
        },
        "type": "if",
        "locations": [
          {
            "start": {
              "line": 21,
              "column": 6
            },
            "end": {
              "line": 25,
              "column": 7
            }
          },
          {
            "start": {
              "line": 23,
              "column": 13
            },
            "end": {
              "line": 25,
              "column": 7
            }
          }
        ],
        "line": 21
      },
      "1": {
        "loc": {
          "start": {
            "line": 29,
            "column": 6
          },
          "end": {
            "line": 35,
            "column": 7
          }
        },
        "type": "if",
        "locations": [
          {
            "start": {
              "line": 29,
              "column": 6
            },
            "end": {
              "line": 35,
              "column": 7
            }
          },
          {
            "start": {},
            "end": {}
          }
        ],
        "line": 29
      },
      "2": {
        "loc": {
          "start": {
            "line": 30,
            "column": 8
          },
          "end": {
            "line": 32,
            "column": 50
          }
        },
        "type": "binary-expr",
        "locations": [
          {
            "start": {
              "line": 30,
              "column": 8
            },
            "end": {
              "line": 30,
              "column": 31
            }
          },
          {
            "start": {
              "line": 31,
              "column": 8
            },
            "end": {
              "line": 31,
              "column": 26
            }
          },
          {
            "start": {
              "line": 32,
              "column": 8
            },
            "end": {
              "line": 32,
              "column": 50
            }
          }
        ],
        "line": 30
      },
      "3": {
        "loc": {
          "start": {
            "line": 61,
            "column": 18
          },
          "end": {
            "line": 61,
            "column": 59
          }
        },
        "type": "cond-expr",
        "locations": [
          {
            "start": {
              "line": 61,
              "column": 42
            },
            "end": {
              "line": 61,
              "column": 49
            }
          },
          {
            "start": {
              "line": 61,
              "column": 52
            },
            "end": {
              "line": 61,
              "column": 59
            }
          }
        ],
        "line": 61
      },
      "4": {
        "loc": {
          "start": {
            "line": 72,
            "column": 18
          },
          "end": {
            "line": 72,
            "column": 60
          }
        },
        "type": "cond-expr",
        "locations": [
          {
            "start": {
              "line": 72,
              "column": 43
            },
            "end": {
              "line": 72,
              "column": 50
            }
          },
          {
            "start": {
              "line": 72,
              "column": 53
            },
            "end": {
              "line": 72,
              "column": 60
            }
          }
        ],
        "line": 72
      },
      "5": {
        "loc": {
          "start": {
            "line": 83,
            "column": 18
          },
          "end": {
            "line": 83,
            "column": 58
          }
        },
        "type": "cond-expr",
        "locations": [
          {
            "start": {
              "line": 83,
              "column": 41
            },
            "end": {
              "line": 83,
              "column": 48
            }
          },
          {
            "start": {
              "line": 83,
              "column": 51
            },
            "end": {
              "line": 83,
              "column": 58
            }
          }
        ],
        "line": 83
      },
      "6": {
        "loc": {
          "start": {
            "line": 96,
            "column": 18
          },
          "end": {
            "line": 96,
            "column": 61
          }
        },
        "type": "cond-expr",
        "locations": [
          {
            "start": {
              "line": 96,
              "column": 44
            },
            "end": {
              "line": 96,
              "column": 51
            }
          },
          {
            "start": {
              "line": 96,
              "column": 54
            },
            "end": {
              "line": 96,
              "column": 61
            }
          }
        ],
        "line": 96
      },
      "7": {
        "loc": {
          "start": {
            "line": 107,
            "column": 18
          },
          "end": {
            "line": 107,
            "column": 64
          }
        },
        "type": "cond-expr",
        "locations": [
          {
            "start": {
              "line": 107,
              "column": 47
            },
            "end": {
              "line": 107,
              "column": 54
            }
          },
          {
            "start": {
              "line": 107,
              "column": 57
            },
            "end": {
              "line": 107,
              "column": 64
            }
          }
        ],
        "line": 107
      },
      "8": {
        "loc": {
          "start": {
            "line": 117,
            "column": 8
          },
          "end": {
            "line": 117,
            "column": 40
          }
        },
        "type": "cond-expr",
        "locations": [
          {
            "start": {
              "line": 117,
              "column": 17
            },
            "end": {
              "line": 117,
              "column": 27
            }
          },
          {
            "start": {
              "line": 117,
              "column": 30
            },
            "end": {
              "line": 117,
              "column": 40
            }
          }
        ],
        "line": 117
      },
      "9": {
        "loc": {
          "start": {
            "line": 120,
            "column": 15
          },
          "end": {
            "line": 120,
            "column": 40
          }
        },
        "type": "cond-expr",
        "locations": [
          {
            "start": {
              "line": 120,
              "column": 24
            },
            "end": {
              "line": 120,
              "column": 31
            }
          },
          {
            "start": {
              "line": 120,
              "column": 34
            },
            "end": {
              "line": 120,
              "column": 40
            }
          }
        ],
        "line": 120
      },
      "10": {
        "loc": {
          "start": {
            "line": 123,
            "column": 16
          },
          "end": {
            "line": 123,
            "column": 31
          }
        },
        "type": "cond-expr",
        "locations": [
          {
            "start": {
              "line": 123,
              "column": 25
            },
            "end": {
              "line": 123,
              "column": 27
            }
          },
          {
            "start": {
              "line": 123,
              "column": 30
            },
            "end": {
              "line": 123,
              "column": 31
            }
          }
        ],
        "line": 123
      },
      "11": {
        "loc": {
          "start": {
            "line": 126,
            "column": 7
          },
          "end": {
            "line": 158,
            "column": 7
          }
        },
        "type": "binary-expr",
        "locations": [
          {
            "start": {
              "line": 126,
              "column": 7
            },
            "end": {
              "line": 126,
              "column": 14
            }
          },
          {
            "start": {
              "line": 127,
              "column": 8
            },
            "end": {
              "line": 157,
              "column": 17
            }
          }
        ],
        "line": 126
      },
      "12": {
        "loc": {
          "start": {
            "line": 159,
            "column": 7
          },
          "end": {
            "line": 164,
            "column": 7
          }
        },
        "type": "binary-expr",
        "locations": [
          {
            "start": {
              "line": 159,
              "column": 7
            },
            "end": {
              "line": 159,
              "column": 13
            }
          },
          {
            "start": {
              "line": 160,
              "column": 8
            },
            "end": {
              "line": 163,
              "column": 18
            }
          }
        ],
        "line": 159
      },
      "13": {
        "loc": {
          "start": {
            "line": 165,
            "column": 7
          },
          "end": {
            "line": 237,
            "column": 7
          }
        },
        "type": "binary-expr",
        "locations": [
          {
            "start": {
              "line": 165,
              "column": 7
            },
            "end": {
              "line": 165,
              "column": 13
            }
          },
          {
            "start": {
              "line": 166,
              "column": 8
            },
            "end": {
              "line": 236,
              "column": 14
            }
          }
        ],
        "line": 165
      },
      "14": {
        "loc": {
          "start": {
            "line": 169,
            "column": 12
          },
          "end": {
            "line": 169,
            "column": 39
          }
        },
        "type": "cond-expr",
        "locations": [
          {
            "start": {
              "line": 169,
              "column": 21
            },
            "end": {
              "line": 169,
              "column": 28
            }
          },
          {
            "start": {
              "line": 169,
              "column": 31
            },
            "end": {
              "line": 169,
              "column": 39
            }
          }
        ],
        "line": 169
      },
      "15": {
        "loc": {
          "start": {
            "line": 195,
            "column": 20
          },
          "end": {
            "line": 197,
            "column": 46
          }
        },
        "type": "cond-expr",
        "locations": [
          {
            "start": {
              "line": 196,
              "column": 24
            },
            "end": {
              "line": 196,
              "column": 78
            }
          },
          {
            "start": {
              "line": 197,
              "column": 24
            },
            "end": {
              "line": 197,
              "column": 46
            }
          }
        ],
        "line": 195
      },
      "16": {
        "loc": {
          "start": {
            "line": 200,
            "column": 20
          },
          "end": {
            "line": 202,
            "column": 21
          }
        },
        "type": "if",
        "locations": [
          {
            "start": {
              "line": 200,
              "column": 20
            },
            "end": {
              "line": 202,
              "column": 21
            }
          },
          {
            "start": {},
            "end": {}
          }
        ],
        "line": 200
      },
      "17": {
        "loc": {
          "start": {
            "line": 217,
            "column": 20
          },
          "end": {
            "line": 219,
            "column": 26
          }
        },
        "type": "cond-expr",
        "locations": [
          {
            "start": {
              "line": 218,
              "column": 24
            },
            "end": {
              "line": 218,
              "column": 78
            }
          },
          {
            "start": {
              "line": 219,
              "column": 24
            },
            "end": {
              "line": 219,
              "column": 26
            }
          }
        ],
        "line": 217
      },
      "18": {
        "loc": {
          "start": {
            "line": 222,
            "column": 20
          },
          "end": {
            "line": 224,
            "column": 21
          }
        },
        "type": "if",
        "locations": [
          {
            "start": {
              "line": 222,
              "column": 20
            },
            "end": {
              "line": 224,
              "column": 21
            }
          },
          {
            "start": {},
            "end": {}
          }
        ],
        "line": 222
      },
      "19": {
        "loc": {
          "start": {
            "line": 225,
            "column": 20
          },
          "end": {
            "line": 227,
            "column": 21
          }
        },
        "type": "if",
        "locations": [
          {
            "start": {
              "line": 225,
              "column": 20
            },
            "end": {
              "line": 227,
              "column": 21
            }
          },
          {
            "start": {},
            "end": {}
          }
        ],
        "line": 225
      }
    },
    "s": {
      "0": 124,
      "1": 124,
      "2": 124,
      "3": 124,
      "4": 124,
      "5": 38,
      "6": 38,
      "7": 0,
      "8": 38,
      "9": 38,
      "10": 75,
      "11": 0,
      "12": 38,
      "13": 38,
      "14": 38,
      "15": 38,
      "16": 0,
      "17": 0,
      "18": 124,
      "19": 0,
      "20": 124,
      "21": 124,
      "22": 124,
      "23": 372,
      "24": 3,
      "25": 0,
      "26": 248,
      "27": 12,
      "28": 0,
      "29": 12,
      "30": 0
    },
    "f": {
      "0": 124,
      "1": 38,
      "2": 38,
      "3": 75,
      "4": 0,
      "5": 0,
      "6": 372,
      "7": 3,
      "8": 248,
      "9": 12
    },
    "b": {
      "0": [
        0,
        38
      ],
      "1": [
        0,
        75
      ],
      "2": [
        75,
        0,
        0
      ],
      "3": [
        38,
        86
      ],
      "4": [
        0,
        124
      ],
      "5": [
        0,
        124
      ],
      "6": [
        59,
        65
      ],
      "7": [
        0,
        124
      ],
      "8": [
        124,
        0
      ],
      "9": [
        124,
        0
      ],
      "10": [
        124,
        0
      ],
      "11": [
        124,
        0
      ],
      "12": [
        124,
        124
      ],
      "13": [
        124,
        124
      ],
      "14": [
        124,
        0
      ],
      "15": [
        38,
        334
      ],
      "16": [
        0,
        3
      ],
      "17": [
        59,
        189
      ],
      "18": [
        0,
        12
      ],
      "19": [
        0,
        12
      ]
    },
    "_coverageSchema": "1a1c01bbd47fc00a2c39e90264f33305004495a9",
    "hash": "8b88b161c38f673edb22f0737f039174bc8e59f2"
  },
  "/Users/apple/Documents/Kashif-Github/Nailbiting-Admin/src/app/(screens)/layout.js": {
    "path": "/Users/apple/Documents/Kashif-Github/Nailbiting-Admin/src/app/(screens)/layout.js",
    "statementMap": {
      "0": {
        "start": {
          "line": 8,
          "column": 32
        },
        "end": {
          "line": 8,
          "column": 46
        }
      },
      "1": {
        "start": {
          "line": 9,
          "column": 2
        },
        "end": {
          "line": 11,
          "column": 9
        }
      },
      "2": {
        "start": {
          "line": 10,
          "column": 4
        },
        "end": {
          "line": 10,
          "column": 46
        }
      },
      "3": {
        "start": {
          "line": 10,
          "column": 21
        },
        "end": {
          "line": 10,
          "column": 38
        }
      },
      "4": {
        "start": {
          "line": 13,
          "column": 2
        },
        "end": {
          "line": 30,
          "column": 4
        }
      }
    },
    "fnMap": {
      "0": {
        "name": "RootLayout",
        "decl": {
          "start": {
            "line": 7,
            "column": 24
          },
          "end": {
            "line": 7,
            "column": 34
          }
        },
        "loc": {
          "start": {
            "line": 7,
            "column": 49
          },
          "end": {
            "line": 31,
            "column": 1
          }
        },
        "line": 7
      },
      "1": {
        "name": "(anonymous_1)",
        "decl": {
          "start": {
            "line": 9,
            "column": 12
          },
          "end": {
            "line": 9,
            "column": 13
          }
        },
        "loc": {
          "start": {
            "line": 9,
            "column": 18
          },
          "end": {
            "line": 11,
            "column": 3
          }
        },
        "line": 9
      },
      "2": {
        "name": "(anonymous_2)",
        "decl": {
          "start": {
            "line": 10,
            "column": 15
          },
          "end": {
            "line": 10,
            "column": 16
          }
        },
        "loc": {
          "start": {
            "line": 10,
            "column": 21
          },
          "end": {
            "line": 10,
            "column": 38
          }
        },
        "line": 10
      }
    },
    "branchMap": {
      "0": {
        "loc": {
          "start": {
            "line": 16,
            "column": 9
          },
          "end": {
            "line": 27,
            "column": 9
          }
        },
        "type": "cond-expr",
        "locations": [
          {
            "start": {
              "line": 17,
              "column": 10
            },
            "end": {
              "line": 17,
              "column": 20
            }
          },
          {
            "start": {
              "line": 19,
              "column": 10
            },
            "end": {
              "line": 26,
              "column": 16
            }
          }
        ],
        "line": 16
      }
    },
    "s": {
      "0": 93,
      "1": 93,
      "2": 54,
      "3": 38,
      "4": 93
    },
    "f": {
      "0": 93,
      "1": 54,
      "2": 38
    },
    "b": {
      "0": [
        55,
        38
      ]
    },
    "_coverageSchema": "1a1c01bbd47fc00a2c39e90264f33305004495a9",
    "hash": "c2f96dc6d9a97ce762392fad58e753caa7e5bb90"
  },
  "/Users/apple/Documents/Kashif-Github/Nailbiting-Admin/src/components/news/NewsHeader.js": {
    "path": "/Users/apple/Documents/Kashif-Github/Nailbiting-Admin/src/components/news/NewsHeader.js",
    "statementMap": {
      "0": {
        "start": {
          "line": 3,
          "column": 2
        },
        "end": {
          "line": 14,
          "column": 4
        }
      }
    },
    "fnMap": {
      "0": {
        "name": "NewsHeader",
        "decl": {
          "start": {
            "line": 2,
            "column": 24
          },
          "end": {
            "line": 2,
            "column": 34
          }
        },
        "loc": {
          "start": {
            "line": 2,
            "column": 59
          },
          "end": {
            "line": 15,
            "column": 1
          }
        },
        "line": 2
      }
    },
    "branchMap": {},
    "s": {
      "0": 145
    },
    "f": {
      "0": 145
    },
    "b": {},
    "_coverageSchema": "1a1c01bbd47fc00a2c39e90264f33305004495a9",
    "hash": "b88004fd5d96b1ee64febff703352c727ba5808b"
  },
  "/Users/apple/Documents/Kashif-Github/Nailbiting-Admin/src/components/users/usersTable.js": {
    "path": "/Users/apple/Documents/Kashif-Github/Nailbiting-Admin/src/components/users/usersTable.js",
    "statementMap": {
      "0": {
        "start": {
          "line": 7,
          "column": 17
        },
        "end": {
          "line": 7,
          "column": 28
        }
      },
      "1": {
        "start": {
          "line": 8,
          "column": 21
        },
        "end": {
          "line": 10,
          "column": 3
        }
      },
      "2": {
        "start": {
          "line": 9,
          "column": 4
        },
        "end": {
          "line": 9,
          "column": 38
        }
      },
      "3": {
        "start": {
          "line": 12,
          "column": 2
        },
        "end": {
          "line": 91,
          "column": 4
        }
      },
      "4": {
        "start": {
          "line": 41,
          "column": 14
        },
        "end": {
          "line": 85,
          "column": 19
        }
      },
      "5": {
        "start": {
          "line": 69,
          "column": 37
        },
        "end": {
          "line": 69,
          "column": 53
        }
      },
      "6": {
        "start": {
          "line": 77,
          "column": 37
        },
        "end": {
          "line": 77,
          "column": 55
        }
      }
    },
    "fnMap": {
      "0": {
        "name": "UserTable",
        "decl": {
          "start": {
            "line": 6,
            "column": 24
          },
          "end": {
            "line": 6,
            "column": 33
          }
        },
        "loc": {
          "start": {
            "line": 6,
            "column": 55
          },
          "end": {
            "line": 92,
            "column": 1
          }
        },
        "line": 6
      },
      "1": {
        "name": "(anonymous_1)",
        "decl": {
          "start": {
            "line": 8,
            "column": 21
          },
          "end": {
            "line": 8,
            "column": 22
          }
        },
        "loc": {
          "start": {
            "line": 8,
            "column": 31
          },
          "end": {
            "line": 10,
            "column": 3
          }
        },
        "line": 8
      },
      "2": {
        "name": "(anonymous_2)",
        "decl": {
          "start": {
            "line": 40,
            "column": 24
          },
          "end": {
            "line": 40,
            "column": 25
          }
        },
        "loc": {
          "start": {
            "line": 41,
            "column": 14
          },
          "end": {
            "line": 85,
            "column": 19
          }
        },
        "line": 41
      },
      "3": {
        "name": "(anonymous_3)",
        "decl": {
          "start": {
            "line": 69,
            "column": 31
          },
          "end": {
            "line": 69,
            "column": 32
          }
        },
        "loc": {
          "start": {
            "line": 69,
            "column": 37
          },
          "end": {
            "line": 69,
            "column": 53
          }
        },
        "line": 69
      },
      "4": {
        "name": "(anonymous_4)",
        "decl": {
          "start": {
            "line": 77,
            "column": 31
          },
          "end": {
            "line": 77,
            "column": 32
          }
        },
        "loc": {
          "start": {
            "line": 77,
            "column": 37
          },
          "end": {
            "line": 77,
            "column": 55
          }
        },
        "line": 77
      }
    },
    "branchMap": {
      "0": {
        "loc": {
          "start": {
            "line": 16,
            "column": 11
          },
          "end": {
            "line": 38,
            "column": 11
          }
        },
        "type": "binary-expr",
        "locations": [
          {
            "start": {
              "line": 16,
              "column": 11
            },
            "end": {
              "line": 16,
              "column": 28
            }
          },
          {
            "start": {
              "line": 17,
              "column": 12
            },
            "end": {
              "line": 37,
              "column": 20
            }
          }
        ],
        "line": 16
      },
      "1": {
        "loc": {
          "start": {
            "line": 44,
            "column": 21
          },
          "end": {
            "line": 57,
            "column": 21
          }
        },
        "type": "cond-expr",
        "locations": [
          {
            "start": {
              "line": 45,
              "column": 22
            },
            "end": {
              "line": 52,
              "column": 24
            }
          },
          {
            "start": {
              "line": 54,
              "column": 22
            },
            "end": {
              "line": 56,
              "column": 28
            }
          }
        ],
        "line": 44
      },
      "2": {
        "loc": {
          "start": {
            "line": 47,
            "column": 26
          },
          "end": {
            "line": 48,
            "column": 123
          }
        },
        "type": "binary-expr",
        "locations": [
          {
            "start": {
              "line": 47,
              "column": 26
            },
            "end": {
              "line": 47,
              "column": 46
            }
          },
          {
            "start": {
              "line": 48,
              "column": 26
            },
            "end": {
              "line": 48,
              "column": 123
            }
          }
        ],
        "line": 47
      },
      "3": {
        "loc": {
          "start": {
            "line": 62,
            "column": 43
          },
          "end": {
            "line": 62,
            "column": 64
          }
        },
        "type": "binary-expr",
        "locations": [
          {
            "start": {
              "line": 62,
              "column": 43
            },
            "end": {
              "line": 62,
              "column": 55
            }
          },
          {
            "start": {
              "line": 62,
              "column": 59
            },
            "end": {
              "line": 62,
              "column": 64
            }
          }
        ],
        "line": 62
      },
      "4": {
        "loc": {
          "start": {
            "line": 63,
            "column": 43
          },
          "end": {
            "line": 63,
            "column": 61
          }
        },
        "type": "binary-expr",
        "locations": [
          {
            "start": {
              "line": 63,
              "column": 43
            },
            "end": {
              "line": 63,
              "column": 52
            }
          },
          {
            "start": {
              "line": 63,
              "column": 56
            },
            "end": {
              "line": 63,
              "column": 61
            }
          }
        ],
        "line": 63
      },
      "5": {
        "loc": {
          "start": {
            "line": 64,
            "column": 43
          },
          "end": {
            "line": 64,
            "column": 71
          }
        },
        "type": "binary-expr",
        "locations": [
          {
            "start": {
              "line": 64,
              "column": 43
            },
            "end": {
              "line": 64,
              "column": 62
            }
          },
          {
            "start": {
              "line": 64,
              "column": 66
            },
            "end": {
              "line": 64,
              "column": 71
            }
          }
        ],
        "line": 64
      }
    },
    "s": {
      "0": 29,
      "1": 29,
      "2": 6,
      "3": 29,
      "4": 121,
      "5": 6,
      "6": 3
    },
    "f": {
      "0": 29,
      "1": 6,
      "2": 121,
      "3": 6,
      "4": 3
    },
    "b": {
      "0": [
        29,
        25
      ],
      "1": [
        0,
        121
      ],
      "2": [
        0,
        0
      ],
      "3": [
        121,
        0
      ],
      "4": [
        121,
        121
      ],
      "5": [
        121,
        121
      ]
    },
    "_coverageSchema": "1a1c01bbd47fc00a2c39e90264f33305004495a9",
    "hash": "8542e38c73a948f8519f05b289180af70db04072"
  },
  "/Users/apple/Documents/Kashif-Github/Nailbiting-Admin/src/components/shared/DeleteModal.js": {
    "path": "/Users/apple/Documents/Kashif-Github/Nailbiting-Admin/src/components/shared/DeleteModal.js",
    "statementMap": {
      "0": {
        "start": {
          "line": 14,
          "column": 2
        },
        "end": {
          "line": 24,
          "column": 23
        }
      },
      "1": {
        "start": {
          "line": 15,
          "column": 25
        },
        "end": {
          "line": 17,
          "column": 5
        }
      },
      "2": {
        "start": {
          "line": 16,
          "column": 6
        },
        "end": {
          "line": 16,
          "column": 39
        }
      },
      "3": {
        "start": {
          "line": 16,
          "column": 30
        },
        "end": {
          "line": 16,
          "column": 39
        }
      },
      "4": {
        "start": {
          "line": 19,
          "column": 4
        },
        "end": {
          "line": 21,
          "column": 5
        }
      },
      "5": {
        "start": {
          "line": 20,
          "column": 6
        },
        "end": {
          "line": 20,
          "column": 56
        }
      },
      "6": {
        "start": {
          "line": 23,
          "column": 4
        },
        "end": {
          "line": 23,
          "column": 70
        }
      },
      "7": {
        "start": {
          "line": 23,
          "column": 17
        },
        "end": {
          "line": 23,
          "column": 70
        }
      },
      "8": {
        "start": {
          "line": 26,
          "column": 2
        },
        "end": {
          "line": 26,
          "column": 26
        }
      },
      "9": {
        "start": {
          "line": 26,
          "column": 15
        },
        "end": {
          "line": 26,
          "column": 26
        }
      },
      "10": {
        "start": {
          "line": 28,
          "column": 2
        },
        "end": {
          "line": 92,
          "column": 3
        }
      }
    },
    "fnMap": {
      "0": {
        "name": "DeleteModal",
        "decl": {
          "start": {
            "line": 6,
            "column": 24
          },
          "end": {
            "line": 6,
            "column": 35
          }
        },
        "loc": {
          "start": {
            "line": 12,
            "column": 3
          },
          "end": {
            "line": 93,
            "column": 1
          }
        },
        "line": 12
      },
      "1": {
        "name": "(anonymous_1)",
        "decl": {
          "start": {
            "line": 14,
            "column": 12
          },
          "end": {
            "line": 14,
            "column": 13
          }
        },
        "loc": {
          "start": {
            "line": 14,
            "column": 18
          },
          "end": {
            "line": 24,
            "column": 3
          }
        },
        "line": 14
      },
      "2": {
        "name": "(anonymous_2)",
        "decl": {
          "start": {
            "line": 15,
            "column": 25
          },
          "end": {
            "line": 15,
            "column": 26
          }
        },
        "loc": {
          "start": {
            "line": 15,
            "column": 32
          },
          "end": {
            "line": 17,
            "column": 5
          }
        },
        "line": 15
      },
      "3": {
        "name": "(anonymous_3)",
        "decl": {
          "start": {
            "line": 23,
            "column": 11
          },
          "end": {
            "line": 23,
            "column": 12
          }
        },
        "loc": {
          "start": {
            "line": 23,
            "column": 17
          },
          "end": {
            "line": 23,
            "column": 70
          }
        },
        "line": 23
      }
    },
    "branchMap": {
      "0": {
        "loc": {
          "start": {
            "line": 10,
            "column": 2
          },
          "end": {
            "line": 10,
            "column": 17
          }
        },
        "type": "default-arg",
        "locations": [
          {
            "start": {
              "line": 10,
              "column": 10
            },
            "end": {
              "line": 10,
              "column": 17
            }
          }
        ],
        "line": 10
      },
      "1": {
        "loc": {
          "start": {
            "line": 11,
            "column": 2
          },
          "end": {
            "line": 11,
            "column": 47
          }
        },
        "type": "default-arg",
        "locations": [
          {
            "start": {
              "line": 11,
              "column": 12
            },
            "end": {
              "line": 11,
              "column": 47
            }
          }
        ],
        "line": 11
      },
      "2": {
        "loc": {
          "start": {
            "line": 16,
            "column": 6
          },
          "end": {
            "line": 16,
            "column": 39
          }
        },
        "type": "if",
        "locations": [
          {
            "start": {
              "line": 16,
              "column": 6
            },
            "end": {
              "line": 16,
              "column": 39
            }
          },
          {
            "start": {},
            "end": {}
          }
        ],
        "line": 16
      },
      "3": {
        "loc": {
          "start": {
            "line": 19,
            "column": 4
          },
          "end": {
            "line": 21,
            "column": 5
          }
        },
        "type": "if",
        "locations": [
          {
            "start": {
              "line": 19,
              "column": 4
            },
            "end": {
              "line": 21,
              "column": 5
            }
          },
          {
            "start": {},
            "end": {}
          }
        ],
        "line": 19
      },
      "4": {
        "loc": {
          "start": {
            "line": 26,
            "column": 2
          },
          "end": {
            "line": 26,
            "column": 26
          }
        },
        "type": "if",
        "locations": [
          {
            "start": {
              "line": 26,
              "column": 2
            },
            "end": {
              "line": 26,
              "column": 26
            }
          },
          {
            "start": {},
            "end": {}
          }
        ],
        "line": 26
      }
    },
    "s": {
      "0": 3,
      "1": 3,
      "2": 0,
      "3": 0,
      "4": 3,
      "5": 3,
      "6": 3,
      "7": 0,
      "8": 3,
      "9": 0,
      "10": 3
    },
    "f": {
      "0": 3,
      "1": 3,
      "2": 0,
      "3": 0
    },
    "b": {
      "0": [
        0
      ],
      "1": [
        0
      ],
      "2": [
        0,
        0
      ],
      "3": [
        3,
        0
      ],
      "4": [
        0,
        3
      ]
    },
    "_coverageSchema": "1a1c01bbd47fc00a2c39e90264f33305004495a9",
    "hash": "93f2f757ac84fc6a32102ff03cce514deb949eea"
  },
  "/Users/apple/Documents/Kashif-Github/Nailbiting-Admin/src/services/api.js": {
    "path": "/Users/apple/Documents/Kashif-Github/Nailbiting-Admin/src/services/api.js",
    "statementMap": {
      "0": {
        "start": {
          "line": 3,
          "column": 12
        },
        "end": {
          "line": 8,
          "column": 2
        }
      },
      "1": {
        "start": {
          "line": 9,
          "column": 0
        },
        "end": {
          "line": 20,
          "column": 1
        }
      },
      "2": {
        "start": {
          "line": 11,
          "column": 22
        },
        "end": {
          "line": 11,
          "column": 57
        }
      },
      "3": {
        "start": {
          "line": 12,
          "column": 2
        },
        "end": {
          "line": 14,
          "column": 3
        }
      },
      "4": {
        "start": {
          "line": 13,
          "column": 3
        },
        "end": {
          "line": 13,
          "column": 57
        }
      },
      "5": {
        "start": {
          "line": 15,
          "column": 2
        },
        "end": {
          "line": 15,
          "column": 15
        }
      },
      "6": {
        "start": {
          "line": 18,
          "column": 2
        },
        "end": {
          "line": 18,
          "column": 30
        }
      },
      "7": {
        "start": {
          "line": 21,
          "column": 0
        },
        "end": {
          "line": 52,
          "column": 2
        }
      },
      "8": {
        "start": {
          "line": 23,
          "column": 4
        },
        "end": {
          "line": 23,
          "column": 20
        }
      },
      "9": {
        "start": {
          "line": 26,
          "column": 28
        },
        "end": {
          "line": 26,
          "column": 40
        }
      },
      "10": {
        "start": {
          "line": 27,
          "column": 4
        },
        "end": {
          "line": 49,
          "column": 5
        }
      },
      "11": {
        "start": {
          "line": 28,
          "column": 6
        },
        "end": {
          "line": 28,
          "column": 36
        }
      },
      "12": {
        "start": {
          "line": 29,
          "column": 27
        },
        "end": {
          "line": 29,
          "column": 63
        }
      },
      "13": {
        "start": {
          "line": 30,
          "column": 6
        },
        "end": {
          "line": 48,
          "column": 7
        }
      },
      "14": {
        "start": {
          "line": 31,
          "column": 8
        },
        "end": {
          "line": 42,
          "column": 9
        }
      },
      "15": {
        "start": {
          "line": 32,
          "column": 27
        },
        "end": {
          "line": 32,
          "column": 128
        }
      },
      "16": {
        "start": {
          "line": 33,
          "column": 33
        },
        "end": {
          "line": 33,
          "column": 58
        }
      },
      "17": {
        "start": {
          "line": 34,
          "column": 10
        },
        "end": {
          "line": 34,
          "column": 62
        }
      },
      "18": {
        "start": {
          "line": 35,
          "column": 10
        },
        "end": {
          "line": 35,
          "column": 77
        }
      },
      "19": {
        "start": {
          "line": 36,
          "column": 10
        },
        "end": {
          "line": 36,
          "column": 38
        }
      },
      "20": {
        "start": {
          "line": 38,
          "column": 10
        },
        "end": {
          "line": 38,
          "column": 28
        }
      },
      "21": {
        "start": {
          "line": 39,
          "column": 10
        },
        "end": {
          "line": 39,
          "column": 48
        }
      },
      "22": {
        "start": {
          "line": 40,
          "column": 10
        },
        "end": {
          "line": 40,
          "column": 49
        }
      },
      "23": {
        "start": {
          "line": 41,
          "column": 5
        },
        "end": {
          "line": 41,
          "column": 57
        }
      },
      "24": {
        "start": {
          "line": 44,
          "column": 8
        },
        "end": {
          "line": 44,
          "column": 26
        }
      },
      "25": {
        "start": {
          "line": 45,
          "column": 8
        },
        "end": {
          "line": 45,
          "column": 46
        }
      },
      "26": {
        "start": {
          "line": 46,
          "column": 8
        },
        "end": {
          "line": 46,
          "column": 47
        }
      },
      "27": {
        "start": {
          "line": 47,
          "column": 8
        },
        "end": {
          "line": 47,
          "column": 46
        }
      },
      "28": {
        "start": {
          "line": 50,
          "column": 4
        },
        "end": {
          "line": 50,
          "column": 33
        }
      }
    },
    "fnMap": {
      "0": {
        "name": "(anonymous_0)",
        "decl": {
          "start": {
            "line": 10,
            "column": 1
          },
          "end": {
            "line": 10,
            "column": 2
          }
        },
        "loc": {
          "start": {
            "line": 10,
            "column": 13
          },
          "end": {
            "line": 16,
            "column": 2
          }
        },
        "line": 10
      },
[...]
              "column": 4
            },
            "end": {
              "line": 115,
              "column": 36
            }
          },
          {
            "start": {
              "line": 115,
              "column": 40
            },
            "end": {
              "line": 115,
              "column": 45
            }
          }
        ],
        "line": 115
      },
      "10": {
        "loc": {
          "start": {
            "line": 132,
            "column": 9
          },
          "end": {
            "line": 132,
            "column": 32
          }
        },
        "type": "binary-expr",
        "locations": [
          {
            "start": {
              "line": 132,
              "column": 9
            },
            "end": {
              "line": 132,
              "column": 22
            }
          },
          {
            "start": {
              "line": 132,
              "column": 26
            },
            "end": {
              "line": 132,
              "column": 32
            }
          }
        ],
        "line": 132
      },
      "11": {
        "loc": {
          "start": {
            "line": 134,
            "column": 8
          },
          "end": {
            "line": 168,
            "column": 8
          }
        },
        "type": "binary-expr",
        "locations": [
          {
            "start": {
              "line": 134,
              "column": 8
            },
            "end": {
              "line": 134,
              "column": 22
            }
          },
          {
            "start": {
              "line": 135,
              "column": 8
            },
            "end": {
              "line": 167,
              "column": 14
            }
          }
        ],
        "line": 134
      },
      "12": {
        "loc": {
          "start": {
            "line": 142,
            "column": 11
          },
          "end": {
            "line": 155,
            "column": 11
          }
        },
        "type": "binary-expr",
        "locations": [
          {
            "start": {
              "line": 142,
              "column": 11
            },
            "end": {
              "line": 142,
              "column": 29
            }
          },
          {
            "start": {
              "line": 143,
              "column": 11
            },
            "end": {
              "line": 154,
              "column": 17
            }
          }
        ],
        "line": 142
      },
      "13": {
        "loc": {
          "start": {
            "line": 148,
            "column": 15
          },
          "end": {
            "line": 148,
            "column": 57
          }
        },
        "type": "cond-expr",
        "locations": [
          {
            "start": {
              "line": 148,
              "column": 39
            },
            "end": {
              "line": 148,
              "column": 52
            }
          },
          {
            "start": {
              "line": 148,
              "column": 55
            },
            "end": {
              "line": 148,
              "column": 57
            }
          }
        ],
        "line": 148
      },
      "14": {
        "loc": {
          "start": {
            "line": 161,
            "column": 12
          },
          "end": {
            "line": 161,
            "column": 85
          }
        },
        "type": "cond-expr",
        "locations": [
          {
            "start": {
              "line": 161,
              "column": 38
            },
            "end": {
              "line": 161,
              "column": 80
            }
          },
          {
            "start": {
              "line": 161,
              "column": 83
            },
            "end": {
              "line": 161,
              "column": 85
            }
          }
        ],
        "line": 161
      },
      "15": {
        "loc": {
          "start": {
            "line": 173,
            "column": 7
          },
          "end": {
            "line": 221,
            "column": 7
          }
        },
        "type": "cond-expr",
        "locations": [
          {
            "start": {
              "line": 174,
              "column": 7
            },
            "end": {
              "line": 174,
              "column": 68
            }
          },
          {
            "start": {
              "line": 176,
              "column": 7
            },
            "end": {
              "line": 220,
              "column": 15
            }
          }
        ],
        "line": 173
      },
      "16": {
        "loc": {
          "start": {
            "line": 190,
            "column": 13
          },
          "end": {
            "line": 196,
            "column": 20
          }
        },
        "type": "cond-expr",
        "locations": [
          {
            "start": {
              "line": 191,
              "column": 15
            },
            "end": {
              "line": 195,
              "column": 17
            }
          },
          {
            "start": {
              "line": 196,
              "column": 15
            },
            "end": {
              "line": 196,
              "column": 20
            }
          }
        ],
        "line": 190
      },
      "17": {
        "loc": {
          "start": {
            "line": 199,
            "column": 18
          },
          "end": {
            "line": 199,
            "column": 82
          }
        },
        "type": "cond-expr",
        "locations": [
          {
            "start": {
              "line": 199,
              "column": 44
            },
            "end": {
              "line": 199,
              "column": 74
            }
          },
          {
            "start": {
              "line": 199,
              "column": 77
            },
            "end": {
              "line": 199,
              "column": 82
            }
          }
        ],
        "line": 199
      },
      "18": {
        "loc": {
          "start": {
            "line": 201,
            "column": 50
          },
          "end": {
            "line": 201,
            "column": 81
          }
        },
        "type": "binary-expr",
        "locations": [
          {
            "start": {
              "line": 201,
              "column": 50
            },
            "end": {
              "line": 201,
              "column": 72
            }
          },
          {
            "start": {
              "line": 201,
              "column": 76
            },
            "end": {
              "line": 201,
              "column": 81
            }
          }
        ],
        "line": 201
      },
      "19": {
        "loc": {
          "start": {
            "line": 203,
            "column": 18
          },
          "end": {
            "line": 203,
            "column": 52
          }
        },
        "type": "binary-expr",
        "locations": [
          {
            "start": {
              "line": 203,
              "column": 18
            },
            "end": {
              "line": 203,
              "column": 43
            }
          },
          {
            "start": {
              "line": 203,
              "column": 47
            },
            "end": {
              "line": 203,
              "column": 52
            }
          }
        ],
        "line": 203
      },
      "20": {
        "loc": {
          "start": {
            "line": 230,
            "column": 2
          },
          "end": {
            "line": 232,
            "column": 3
          }
        },
        "type": "if",
        "locations": [
          {
            "start": {
              "line": 230,
              "column": 2
            },
            "end": {
              "line": 232,
              "column": 3
            }
          },
          {
            "start": {},
            "end": {}
          }
        ],
        "line": 230
      },
      "21": {
        "loc": {
          "start": {
            "line": 233,
            "column": 2
          },
          "end": {
            "line": 239,
            "column": 3
          }
        },
        "type": "if",
        "locations": [
          {
            "start": {
              "line": 233,
              "column": 2
            },
            "end": {
              "line": 239,
              "column": 3
            }
          },
          {
            "start": {},
            "end": {}
          }
        ],
        "line": 233
      },
      "22": {
        "loc": {
          "start": {
            "line": 265,
            "column": 2
          },
          "end": {
            "line": 265,
            "column": 26
          }
        },
        "type": "if",
        "locations": [
          {
            "start": {
              "line": 265,
              "column": 2
            },
            "end": {
              "line": 265,
              "column": 26
            }
          },
          {
            "start": {},
            "end": {}
          }
        ],
        "line": 265
      },
      "23": {
        "loc": {
          "start": {
            "line": 279,
            "column": 33
          },
          "end": {
            "line": 279,
            "column": 101
          }
        },
        "type": "cond-expr",
        "locations": [
          {
            "start": {
              "line": 279,
              "column": 56
            },
            "end": {
              "line": 279,
              "column": 80
            }
          },
          {
            "start": {
              "line": 279,
              "column": 83
            },
            "end": {
              "line": 279,
              "column": 101
            }
          }
        ],
        "line": 279
      },
      "24": {
        "loc": {
          "start": {
            "line": 282,
            "column": 2
          },
          "end": {
            "line": 284,
            "column": 3
          }
        },
        "type": "if",
        "locations": [
          {
            "start": {
              "line": 282,
              "column": 2
            },
            "end": {
              "line": 284,
              "column": 3
            }
          },
          {
            "start": {},
            "end": {}
          }
        ],
        "line": 282
      },
      "25": {
        "loc": {
          "start": {
            "line": 292,
            "column": 8
          },
          "end": {
            "line": 293,
            "column": 104
          }
        },
        "type": "binary-expr",
        "locations": [
          {
            "start": {
              "line": 292,
              "column": 8
            },
            "end": {
              "line": 292,
              "column": 28
            }
          },
          {
            "start": {
              "line": 293,
              "column": 8
            },
            "end": {
              "line": 293,
              "column": 104
            }
          }
        ],
        "line": 292
      },
      "26": {
        "loc": {
          "start": {
            "line": 295,
            "column": 12
          },
          "end": {
            "line": 295,
            "column": 31
          }
        },
        "type": "binary-expr",
        "locations": [
          {
            "start": {
              "line": 295,
              "column": 12
            },
            "end": {
              "line": 295,
              "column": 22
            }
          },
          {
            "start": {
              "line": 295,
              "column": 26
            },
            "end": {
              "line": 295,
              "column": 31
            }
          }
        ],
        "line": 295
      },
      "27": {
        "loc": {
          "start": {
            "line": 299,
            "column": 61
          },
          "end": {
            "line": 299,
            "column": 80
          }
        },
        "type": "binary-expr",
        "locations": [
          {
            "start": {
              "line": 299,
              "column": 61
            },
            "end": {
              "line": 299,
              "column": 71
            }
          },
          {
            "start": {
              "line": 299,
              "column": 75
            },
            "end": {
              "line": 299,
              "column": 80
            }
          }
        ],
        "line": 299
      },
      "28": {
        "loc": {
          "start": {
            "line": 300,
            "column": 42
          },
          "end": {
            "line": 300,
            "column": 62
          }
        },
        "type": "binary-expr",
        "locations": [
          {
            "start": {
              "line": 300,
              "column": 42
            },
            "end": {
              "line": 300,
              "column": 53
            }
          },
          {
            "start": {
              "line": 300,
              "column": 57
            },
            "end": {
              "line": 300,
              "column": 62
            }
          }
        ],
        "line": 300
      },
      "29": {
        "loc": {
          "start": {
            "line": 303,
            "column": 9
          },
          "end": {
            "line": 309,
            "column": 16
          }
        },
        "type": "cond-expr",
        "locations": [
          {
            "start": {
              "line": 304,
              "column": 11
            },
            "end": {
              "line": 308,
              "column": 13
            }
          },
          {
            "start": {
              "line": 309,
              "column": 11
            },
            "end": {
              "line": 309,
              "column": 16
            }
          }
        ],
        "line": 303
      },
      "30": {
        "loc": {
          "start": {
            "line": 333,
            "column": 7
          },
          "end": {
            "line": 350,
            "column": 7
          }
        },
        "type": "binary-expr",
        "locations": [
          {
            "start": {
              "line": 333,
              "column": 7
            },
            "end": {
              "line": 333,
              "column": 11
            }
          },
          {
            "start": {
              "line": 334,
              "column": 7
            },
            "end": {
              "line": 349,
              "column": 13
            }
          }
        ],
        "line": 333
      },
      "31": {
        "loc": {
          "start": {
            "line": 338,
            "column": 10
          },
          "end": {
            "line": 338,
            "column": 90
          }
        },
        "type": "cond-expr",
        "locations": [
          {
            "start": {
              "line": 338,
              "column": 33
            },
            "end": {
              "line": 338,
              "column": 58
            }
          },
          {
            "start": {
              "line": 338,
              "column": 61
            },
            "end": {
              "line": 338,
              "column": 90
            }
          }
        ],
        "line": 338
      },
      "32": {
        "loc": {
          "start": {
            "line": 345,
            "column": 10
          },
          "end": {
            "line": 345,
            "column": 90
          }
        },
        "type": "cond-expr",
        "locations": [
          {
            "start": {
              "line": 345,
              "column": 33
            },
            "end": {
              "line": 345,
              "column": 58
            }
          },
          {
            "start": {
              "line": 345,
              "column": 61
            },
            "end": {
              "line": 345,
              "column": 90
            }
          }
        ],
        "line": 345
      }
    },
    "s": {
      "0": 31,
      "1": 26,
      "2": 26,
      "3": 26,
      "4": 26,
      "5": 26,
      "6": 26,
      "7": 26,
      "8": 26,
      "9": 26,
      "10": 26,
      "11": 26,
      "12": 26,
      "13": 26,
      "14": 26,
      "15": 5,
      "16": 5,
      "17": 5,
      "18": 5,
      "19": 5,
      "20": 5,
      "21": 5,
      "22": 5,
      "23": 0,
      "24": 5,
      "25": 26,
      "26": 10,
      "27": 5,
      "28": 5,
      "29": 5,
      "30": 5,
      "31": 5,
      "32": 0,
      "33": 5,
      "34": 5,
      "35": 0,
      "36": 5,
      "37": 26,
      "38": 5,
      "39": 26,
      "40": 5,
      "41": 26,
      "42": 312,
      "43": 26,
      "44": 2600,
      "45": 26,
      "46": 0,
      "47": 0,
      "48": 0,
      "49": 26,
      "50": 0,
      "51": 0,
      "52": 0,
      "53": 26,
      "54": 0,
      "55": 0,
      "56": 26,
      "57": 0,
      "58": 0,
      "59": 0,
      "60": 0,
      "61": 0,
      "62": 0,
      "63": 0,
      "64": 0,
      "65": 26,
      "66": 0,
      "67": 0,
      "68": 26,
      "69": 23,
      "70": 0,
      "71": 0,
      "72": 0,
      "73": 0,
      "74": 0,
      "75": 0,
      "76": 0,
      "77": 0,
      "78": 0,
      "79": 26,
      "80": 3,
      "81": 0,
      "82": 3,
      "83": 3,
      "84": 0,
      "85": 0,
      "86": 0,
      "87": 0,
      "88": 26,
      "89": 18,
      "90": 18,
      "91": 0,
      "92": 0,
      "93": 26,
      "94": 26,
      "95": 26,
      "96": 26,
      "97": 15,
      "98": 11,
      "99": 26,
      "100": 0,
      "101": 3,
      "102": 3,
      "103": 0
    },
    "f": {
      "0": 31,
      "1": 5,
      "2": 10,
      "3": 0,
      "4": 5,
      "5": 5,
      "6": 312,
      "7": 2600,
      "8": 0,
      "9": 0,
      "10": 0,
      "11": 0,
      "12": 0,
      "13": 0,
      "14": 0,
      "15": 0,
      "16": 23,
      "17": 0,
      "18": 0,
      "19": 0,
      "20": 0,
      "21": 0,
      "22": 0,
      "23": 0,
      "24": 0,
      "25": 3,
      "26": 0,
      "27": 0,
      "28": 0,
      "29": 18,
      "30": 0,
      "31": 26,
      "32": 26,
      "33": 0,
      "34": 3,
      "35": 3,
      "36": 0
    },
    "b": {
      "0": [
        5,
        0
      ],
      "1": [
        5,
        5
      ],
      "2": [
        10,
        10,
        5
      ],
      "3": [
        5,
        0
      ],
      "4": [
        0,
        0
      ],
      "5": [
        0,
        0
      ],
      "6": [
        0,
        0,
        0,
        0
      ],
      "7": [
        0,
        0
      ],
      "8": [
        15,
        8
      ],
      "9": [
        23,
        23
      ],
      "10": [
        8,
        8
      ],
      "11": [
        8,
        0
      ],
      "12": [
        0,
        0
      ],
      "13": [
        0,
        0
      ],
      "14": [
        0,
        0
      ],
      "15": [
        8,
        0
      ],
      "16": [
        0,
        0
      ],
      "17": [
        0,
        0
      ],
      "18": [
        0,
        0
      ],
      "19": [
        0,
        0
      ],
      "20": [
        0,
        3
      ],
      "21": [
        3,
        0
      ],
      "22": [
        18,
        0
      ],
      "23": [
        23,
        3
      ],
      "24": [
        15,
        11
      ],
      "25": [
        11,
        11
      ],
      "26": [
        11,
        0
      ],
      "27": [
        11,
        0
      ],
      "28": [
        11,
        0
      ],
      "29": [
        11,
        0
      ],
      "30": [
        26,
        11
      ],
      "31": [
        8,
        3
      ],
      "32": [
        3,
        8
      ]
    },
    "_coverageSchema": "1a1c01bbd47fc00a2c39e90264f33305004495a9",
    "hash": "e46c93fab90dcc3c177ff981545e093f00c59f8e"
  }
}